# JRE version: OpenJDK Runtime Environment (8.0_212-b04) (build 1.8.0_212-release-1586-b04)
# Java VM: OpenJDK 64-Bit Server VM (25.212-b04 mixed mode windows-amd64 compressed oops)
Heap:
 PSYoungGen      total 320000K, used 283517K [0x00000000e0000000, 0x00000000f5d00000, 0x0000000100000000)
  eden space 301056K, 94% used [0x00000000e0000000,0x00000000f14f5980,0x00000000f2600000)
  from space 18944K, 0% used [0x00000000f3080000,0x00000000f3080000,0x00000000f4300000)
  to   space 26624K, 0% used [0x00000000f4300000,0x00000000f4300000,0x00000000f5d00000)
 ParOldGen       total 169472K, used 62873K [0x00000000a0000000, 0x00000000aa580000, 0x00000000e0000000)
  object space 169472K, 37% used [0x00000000a0000000,0x00000000a3d665e0,0x00000000aa580000)
 Metaspace       used 98449K, capacity 103370K, committed 103808K, reserved 1138688K
  class space    used 12894K, capacity 13835K, committed 13952K, reserved 1048576K
GC Heap History (10 events):
Event: 1087.482 GC heap before
{Heap before GC invocations=17 (full 3):
 PSYoungGen      total 228864K, used 226886K [0x00000000e0000000, 0x00000000f3280000, 0x0000000100000000)
  eden space 209920K, 99% used [0x00000000e0000000,0x00000000eccfba88,0x00000000ecd00000)
  from space 18944K, 89% used [0x00000000ecd00000,0x00000000edd95e18,0x00000000edf80000)
  to   space 20992K, 0% used [0x00000000f1e00000,0x00000000f1e00000,0x00000000f3280000)
 ParOldGen       total 113152K, used 30685K [0x00000000a0000000, 0x00000000a6e80000, 0x00000000e0000000)
  object space 113152K, 27% used [0x00000000a0000000,0x00000000a1df75a8,0x00000000a6e80000)
 Metaspace       used 75307K, capacity 79542K, committed 79872K, reserved 1118208K
  class space    used 10074K, capacity 10907K, committed 11008K, reserved 1048576K
Event: 1087.505 GC heap after
Heap after GC invocations=17 (full 3):
 PSYoungGen      total 281088K, used 17804K [0x00000000e0000000, 0x00000000f2f80000, 0x0000000100000000)
  eden space 263168K, 0% used [0x00000000e0000000,0x00000000e0000000,0x00000000f0100000)
  from space 17920K, 99% used [0x00000000f1e00000,0x00000000f2f63020,0x00000000f2f80000)
  to   space 23040K, 0% used [0x00000000f0280000,0x00000000f0280000,0x00000000f1900000)
 ParOldGen       total 113152K, used 41538K [0x00000000a0000000, 0x00000000a6e80000, 0x00000000e0000000)
  object space 113152K, 36% used [0x00000000a0000000,0x00000000a28908b8,0x00000000a6e80000)
 Metaspace       used 75307K, capacity 79542K, committed 79872K, reserved 1118208K
  class space    used 10074K, capacity 10907K, committed 11008K, reserved 1048576K
}
Event: 1092.709 GC heap before
{Heap before GC invocations=18 (full 3):
 PSYoungGen      total 281088K, used 280972K [0x00000000e0000000, 0x00000000f2f80000, 0x0000000100000000)
  eden space 263168K, 100% used [0x00000000e0000000,0x00000000f0100000,0x00000000f0100000)
  from space 17920K, 99% used [0x00000000f1e00000,0x00000000f2f63020,0x00000000f2f80000)
  to   space 23040K, 0% used [0x00000000f0280000,0x00000000f0280000,0x00000000f1900000)
 ParOldGen       total 113152K, used 41538K [0x00000000a0000000, 0x00000000a6e80000, 0x00000000e0000000)
  object space 113152K, 36% used [0x00000000a0000000,0x00000000a28908b8,0x00000000a6e80000)
 Metaspace       used 82794K, capacity 87284K, committed 87424K, reserved 1124352K
  class space    used 10885K, capacity 11806K, committed 11904K, reserved 1048576K
Event: 1092.731 GC heap after
Heap after GC invocations=18 (full 3):
 PSYoungGen      total 287744K, used 23023K [0x00000000e0000000, 0x00000000f7000000, 0x0000000100000000)
  eden space 264704K, 0% used [0x00000000e0000000,0x00000000e0000000,0x00000000f0280000)
  from space 23040K, 99% used [0x00000000f0280000,0x00000000f18fbc10,0x00000000f1900000)
  to   space 27136K, 0% used [0x00000000f5580000,0x00000000f5580000,0x00000000f7000000)
 ParOldGen       total 113152K, used 43501K [0x00000000a0000000, 0x00000000a6e80000, 0x00000000e0000000)
  object space 113152K, 38% used [0x00000000a0000000,0x00000000a2a7b770,0x00000000a6e80000)
 Metaspace       used 82794K, capacity 87284K, committed 87424K, reserved 1124352K
  class space    used 10885K, capacity 11806K, committed 11904K, reserved 1048576K
}
Event: 1114.566 GC heap before
{Heap before GC invocations=19 (full 3):
 PSYoungGen      total 287744K, used 287727K [0x00000000e0000000, 0x00000000f7000000, 0x0000000100000000)
  eden space 264704K, 100% used [0x00000000e0000000,0x00000000f0280000,0x00000000f0280000)
  from space 23040K, 99% used [0x00000000f0280000,0x00000000f18fbc10,0x00000000f1900000)
  to   space 27136K, 0% used [0x00000000f5580000,0x00000000f5580000,0x00000000f7000000)
 ParOldGen       total 113152K, used 43501K [0x00000000a0000000, 0x00000000a6e80000, 0x00000000e0000000)
  object space 113152K, 38% used [0x00000000a0000000,0x00000000a2a7b770,0x00000000a6e80000)
 Metaspace       used 88526K, capacity 93120K, committed 93440K, reserved 1130496K
  class space    used 11552K, capacity 12470K, committed 12544K, reserved 1048576K
Event: 1114.614 GC heap after
Heap after GC invocations=19 (full 3):
 PSYoungGen      total 270848K, used 16307K [0x00000000e0000000, 0x00000000f6580000, 0x0000000100000000)
  eden space 254464K, 0% used [0x00000000e0000000,0x00000000e0000000,0x00000000ef880000)
  from space 16384K, 99% used [0x00000000f5580000,0x00000000f656ce28,0x00000000f6580000)
  to   space 27136K, 0% used [0x00000000f3080000,0x00000000f3080000,0x00000000f4b00000)
 ParOldGen       total 113152K, used 53337K [0x00000000a0000000, 0x00000000a6e80000, 0x00000000e0000000)
  object space 113152K, 47% used [0x00000000a0000000,0x00000000a3416708,0x00000000a6e80000)
 Metaspace       used 88526K, capacity 93120K, committed 93440K, reserved 1130496K
  class space    used 11552K, capacity 12470K, committed 12544K, reserved 1048576K
}
Event: 1115.944 GC heap before
{Heap before GC invocations=20 (full 3):
 PSYoungGen      total 270848K, used 80242K [0x00000000e0000000, 0x00000000f6580000, 0x0000000100000000)
  eden space 254464K, 25% used [0x00000000e0000000,0x00000000e3e6fa88,0x00000000ef880000)
  from space 16384K, 99% used [0x00000000f5580000,0x00000000f656ce28,0x00000000f6580000)
  to   space 27136K, 0% used [0x00000000f3080000,0x00000000f3080000,0x00000000f4b00000)
 ParOldGen       total 113152K, used 53337K [0x00000000a0000000, 0x00000000a6e80000, 0x00000000e0000000)
  object space 113152K, 47% used [0x00000000a0000000,0x00000000a3416708,0x00000000a6e80000)
 Metaspace       used 93384K, capacity 98554K, committed 98560K, reserved 1134592K
  class space    used 12299K, capacity 13311K, committed 13312K, reserved 1048576K
Event: 1115.998 GC heap after
Heap after GC invocations=20 (full 3):
 PSYoungGen      total 320000K, used 18819K [0x00000000e0000000, 0x00000000f5d00000, 0x0000000100000000)
  eden space 301056K, 0% used [0x00000000e0000000,0x00000000e0000000,0x00000000f2600000)
  from space 18944K, 99% used [0x00000000f3080000,0x00000000f42e0d48,0x00000000f4300000)
  to   space 26624K, 0% used [0x00000000f4300000,0x00000000f4300000,0x00000000f5d00000)
 ParOldGen       total 113152K, used 53345K [0x00000000a0000000, 0x00000000a6e80000, 0x00000000e0000000)
  object space 113152K, 47% used [0x00000000a0000000,0x00000000a3418708,0x00000000a6e80000)
 Metaspace       used 93384K, capacity 98554K, committed 98560K, reserved 1134592K
  class space    used 12299K, capacity 13311K, committed 13312K, reserved 1048576K
}
Event: 1115.998 GC heap before
{Heap before GC invocations=21 (full 4):
 PSYoungGen      total 320000K, used 18819K [0x00000000e0000000, 0x00000000f5d00000, 0x0000000100000000)
  eden space 301056K, 0% used [0x00000000e0000000,0x00000000e0000000,0x00000000f2600000)
  from space 18944K, 99% used [0x00000000f3080000,0x00000000f42e0d48,0x00000000f4300000)
  to   space 26624K, 0% used [0x00000000f4300000,0x00000000f4300000,0x00000000f5d00000)
 ParOldGen       total 113152K, used 53345K [0x00000000a0000000, 0x00000000a6e80000, 0x00000000e0000000)
  object space 113152K, 47% used [0x00000000a0000000,0x00000000a3418708,0x00000000a6e80000)
 Metaspace       used 93384K, capacity 98554K, committed 98560K, reserved 1134592K
  class space    used 12299K, capacity 13311K, committed 13312K, reserved 1048576K
Event: 1116.842 GC heap after
Heap after GC invocations=21 (full 4):
 PSYoungGen      total 320000K, used 0K [0x00000000e0000000, 0x00000000f5d00000, 0x0000000100000000)
  eden space 301056K, 0% used [0x00000000e0000000,0x00000000e0000000,0x00000000f2600000)
  from space 18944K, 0% used [0x00000000f3080000,0x00000000f3080000,0x00000000f4300000)
  to   space 26624K, 0% used [0x00000000f4300000,0x00000000f4300000,0x00000000f5d00000)
 ParOldGen       total 169472K, used 62873K [0x00000000a0000000, 0x00000000aa580000, 0x00000000e0000000)
  object space 169472K, 37% used [0x00000000a0000000,0x00000000a3d665e0,0x00000000aa580000)
 Metaspace       used 92483K, capacity 96084K, committed 98560K, reserved 1134592K
  class space    used 11993K, capacity 12770K, committed 13312K, reserved 1048576K
}

