# JRE version: OpenJDK Runtime Environment (8.0_202-b03) (build 1.8.0_202-release-1483-b03)
# Java VM: OpenJDK 64-Bit Server VM (25.202-b03 mixed mode windows-amd64 compressed oops)
Heap:
 PSYoungGen      total 282112K, used 9969K [0x00000000e0000000, 0x00000000f6f00000, 0x0000000100000000)
  eden space 262656K, 3% used [0x00000000e0000000,0x00000000e09bc718,0x00000000f0080000)
  from space 19456K, 0% used [0x00000000f0080000,0x00000000f0080000,0x00000000f1380000)
  to   space 18432K, 0% used [0x00000000f5d00000,0x00000000f5d00000,0x00000000f6f00000)
 ParOldGen       total 110080K, used 44157K [0x00000000a0000000, 0x00000000a6b80000, 0x00000000e0000000)
  object space 110080K, 40% used [0x00000000a0000000,0x00000000a2b1f5f8,0x00000000a6b80000)
 Metaspace       used 91647K, capacity 94950K, committed 98496K, reserved 1134592K
  class space    used 11768K, capacity 12404K, committed 13184K, reserved 1048576K
GC Heap History (10 events):
Event: 3816.374 GC heap before
{Heap before GC invocations=21 (full 3):
 PSYoungGen      total 210944K, used 200104K [0x00000000e0000000, 0x00000000f0380000, 0x0000000100000000)
  eden space 194048K, 100% used [0x00000000e0000000,0x00000000ebd80000,0x00000000ebd80000)
  from space 16896K, 35% used [0x00000000ebd80000,0x00000000ec36a3c8,0x00000000ece00000)
  to   space 16384K, 0% used [0x00000000ef380000,0x00000000ef380000,0x00000000f0380000)
 ParOldGen       total 110080K, used 42311K [0x00000000a0000000, 0x00000000a6b80000, 0x00000000e0000000)
  object space 110080K, 38% used [0x00000000a0000000,0x00000000a2951ce0,0x00000000a6b80000)
 Metaspace       used 78780K, capacity 82776K, committed 82944K, reserved 1122304K
  class space    used 10221K, capacity 10966K, committed 11008K, reserved 1048576K
Event: 3816.393 GC heap after
Heap after GC invocations=21 (full 3):
 PSYoungGen      total 242176K, used 8885K [0x00000000e0000000, 0x00000000eff80000, 0x0000000100000000)
  eden space 229888K, 0% used [0x00000000e0000000,0x00000000e0000000,0x00000000ee080000)
  from space 12288K, 72% used [0x00000000ef380000,0x00000000efc2d6b0,0x00000000eff80000)
  to   space 15872K, 0% used [0x00000000ee080000,0x00000000ee080000,0x00000000ef000000)
 ParOldGen       total 110080K, used 47053K [0x00000000a0000000, 0x00000000a6b80000, 0x00000000e0000000)
  object space 110080K, 42% used [0x00000000a0000000,0x00000000a2df3408,0x00000000a6b80000)
 Metaspace       used 78780K, capacity 82776K, committed 82944K, reserved 1122304K
  class space    used 10221K, capacity 10966K, committed 11008K, reserved 1048576K
}
Event: 3820.756 GC heap before
{Heap before GC invocations=22 (full 3):
 PSYoungGen      total 242176K, used 238773K [0x00000000e0000000, 0x00000000eff80000, 0x0000000100000000)
  eden space 229888K, 100% used [0x00000000e0000000,0x00000000ee080000,0x00000000ee080000)
  from space 12288K, 72% used [0x00000000ef380000,0x00000000efc2d6b0,0x00000000eff80000)
  to   space 15872K, 0% used [0x00000000ee080000,0x00000000ee080000,0x00000000ef000000)
 ParOldGen       total 110080K, used 47053K [0x00000000a0000000, 0x00000000a6b80000, 0x00000000e0000000)
  object space 110080K, 42% used [0x00000000a0000000,0x00000000a2df3408,0x00000000a6b80000)
 Metaspace       used 83974K, capacity 88400K, committed 88704K, reserved 1126400K
  class space    used 10980K, capacity 11804K, committed 11904K, reserved 1048576K
Event: 3820.770 GC heap after
Heap after GC invocations=22 (full 3):
 PSYoungGen      total 245760K, used 10026K [0x00000000e0000000, 0x00000000f2400000, 0x0000000100000000)
  eden space 229888K, 0% used [0x00000000e0000000,0x00000000e0000000,0x00000000ee080000)
  from space 15872K, 63% used [0x00000000ee080000,0x00000000eea4a810,0x00000000ef000000)
  to   space 15872K, 0% used [0x00000000f1480000,0x00000000f1480000,0x00000000f2400000)
 ParOldGen       total 110080K, used 47061K [0x00000000a0000000, 0x00000000a6b80000, 0x00000000e0000000)
  object space 110080K, 42% used [0x00000000a0000000,0x00000000a2df5408,0x00000000a6b80000)
 Metaspace       used 83974K, capacity 88400K, committed 88704K, reserved 1126400K
  class space    used 10980K, capacity 11804K, committed 11904K, reserved 1048576K
}
Event: 3827.647 GC heap before
{Heap before GC invocations=23 (full 3):
 PSYoungGen      total 245760K, used 239914K [0x00000000e0000000, 0x00000000f2400000, 0x0000000100000000)
  eden space 229888K, 100% used [0x00000000e0000000,0x00000000ee080000,0x00000000ee080000)
  from space 15872K, 63% used [0x00000000ee080000,0x00000000eea4a810,0x00000000ef000000)
  to   space 15872K, 0% used [0x00000000f1480000,0x00000000f1480000,0x00000000f2400000)
 ParOldGen       total 110080K, used 47061K [0x00000000a0000000, 0x00000000a6b80000, 0x00000000e0000000)
  object space 110080K, 42% used [0x00000000a0000000,0x00000000a2df5408,0x00000000a6b80000)
 Metaspace       used 93123K, capacity 98282K, committed 98432K, reserved 1134592K
  class space    used 12158K, capacity 13091K, committed 13184K, reserved 1048576K
Event: 3827.675 GC heap after
Heap after GC invocations=23 (full 3):
 PSYoungGen      total 278528K, used 15868K [0x00000000e0000000, 0x00000000f2680000, 0x0000000100000000)
  eden space 262656K, 0% used [0x00000000e0000000,0x00000000e0000000,0x00000000f0080000)
  from space 15872K, 99% used [0x00000000f1480000,0x00000000f23ff258,0x00000000f2400000)
  to   space 19456K, 0% used [0x00000000f0080000,0x00000000f0080000,0x00000000f1380000)
 ParOldGen       total 110080K, used 50732K [0x00000000a0000000, 0x00000000a6b80000, 0x00000000e0000000)
  object space 110080K, 46% used [0x00000000a0000000,0x00000000a318b178,0x00000000a6b80000)
 Metaspace       used 93123K, capacity 98282K, committed 98432K, reserved 1134592K
  class space    used 12158K, capacity 13091K, committed 13184K, reserved 1048576K
}
Event: 3827.718 GC heap before
{Heap before GC invocations=24 (full 3):
 PSYoungGen      total 278528K, used 21406K [0x00000000e0000000, 0x00000000f2680000, 0x0000000100000000)
  eden space 262656K, 2% used [0x00000000e0000000,0x00000000e0568790,0x00000000f0080000)
  from space 15872K, 99% used [0x00000000f1480000,0x00000000f23ff258,0x00000000f2400000)
  to   space 19456K, 0% used [0x00000000f0080000,0x00000000f0080000,0x00000000f1380000)
 ParOldGen       total 110080K, used 50732K [0x00000000a0000000, 0x00000000a6b80000, 0x00000000e0000000)
  object space 110080K, 46% used [0x00000000a0000000,0x00000000a318b178,0x00000000a6b80000)
 Metaspace       used 93157K, capacity 98346K, committed 98496K, reserved 1134592K
  class space    used 12158K, capacity 13091K, committed 13184K, reserved 1048576K
Event: 3827.729 GC heap after
Heap after GC invocations=24 (full 3):
 PSYoungGen      total 282112K, used 8256K [0x00000000e0000000, 0x00000000f6f00000, 0x0000000100000000)
  eden space 262656K, 0% used [0x00000000e0000000,0x00000000e0000000,0x00000000f0080000)
  from space 19456K, 42% used [0x00000000f0080000,0x00000000f0890388,0x00000000f1380000)
  to   space 18432K, 0% used [0x00000000f5d00000,0x00000000f5d00000,0x00000000f6f00000)
 ParOldGen       total 110080K, used 56457K [0x00000000a0000000, 0x00000000a6b80000, 0x00000000e0000000)
  object space 110080K, 51% used [0x00000000a0000000,0x00000000a3722618,0x00000000a6b80000)
 Metaspace       used 93157K, capacity 98346K, committed 98496K, reserved 1134592K
  class space    used 12158K, capacity 13091K, committed 13184K, reserved 1048576K
}
Event: 3827.857 GC heap before
{Heap before GC invocations=25 (full 4):
 PSYoungGen      total 282112K, used 8256K [0x00000000e0000000, 0x00000000f6f00000, 0x0000000100000000)
  eden space 262656K, 0% used [0x00000000e0000000,0x00000000e0000000,0x00000000f0080000)
  from space 19456K, 42% used [0x00000000f0080000,0x00000000f0890388,0x00000000f1380000)
  to   space 18432K, 0% used [0x00000000f5d00000,0x00000000f5d00000,0x00000000f6f00000)
 ParOldGen       total 110080K, used 56457K [0x00000000a0000000, 0x00000000a6b80000, 0x00000000e0000000)
  object space 110080K, 51% used [0x00000000a0000000,0x00000000a3722618,0x00000000a6b80000)
 Metaspace       used 93157K, capacity 98346K, committed 98496K, reserved 1134592K
  class space    used 12158K, capacity 13091K, committed 13184K, reserved 1048576K
Event: 3833.747 GC heap after
Heap after GC invocations=25 (full 4):
 PSYoungGen      total 282112K, used 0K [0x00000000e0000000, 0x00000000f6f00000, 0x0000000100000000)
  eden space 262656K, 0% used [0x00000000e0000000,0x00000000e0000000,0x00000000f0080000)
  from space 19456K, 0% used [0x00000000f0080000,0x00000000f0080000,0x00000000f1380000)
  to   space 18432K, 0% used [0x00000000f5d00000,0x00000000f5d00000,0x00000000f6f00000)
 ParOldGen       total 110080K, used 44157K [0x00000000a0000000, 0x00000000a6b80000, 0x00000000e0000000)
  object space 110080K, 40% used [0x00000000a0000000,0x00000000a2b1f5f8,0x00000000a6b80000)
 Metaspace       used 91640K, capacity 94946K, committed 98496K, reserved 1134592K
  class space    used 11766K, capacity 12404K, committed 13184K, reserved 1048576K
}

