# JRE version: OpenJDK Runtime Environment (8.0_212-b04) (build 1.8.0_212-release-1586-b04)
# Java VM: OpenJDK 64-Bit Server VM (25.212-b04 mixed mode windows-amd64 compressed oops)
Heap:
 PSYoungGen      total 235520K, used 105297K [0x00000000e0000000, 0x00000000f1180000, 0x0000000100000000)
  eden space 199168K, 43% used [0x00000000e0000000,0x00000000e54c5688,0x00000000ec280000)
  from space 36352K, 50% used [0x00000000eee00000,0x00000000f000efa0,0x00000000f1180000)
  to   space 40448K, 0% used [0x00000000ec280000,0x00000000ec280000,0x00000000eea00000)
 ParOldGen       total 207872K, used 77710K [0x00000000a0000000, 0x00000000acb00000, 0x00000000e0000000)
  object space 207872K, 37% used [0x00000000a0000000,0x00000000a4be39e0,0x00000000acb00000)
 Metaspace       used 103897K, capacity 110576K, committed 110848K, reserved 1144832K
  class space    used 13528K, capacity 14761K, committed 14848K, reserved 1048576K
GC Heap History (10 events):
Event: 994.396 GC heap before
{Heap before GC invocations=28 (full 4):
 PSYoungGen      total 202240K, used 177588K [0x00000000e0000000, 0x00000000ef900000, 0x0000000100000000)
  eden space 167424K, 100% used [0x00000000e0000000,0x00000000ea380000,0x00000000ea380000)
  from space 34816K, 29% used [0x00000000ea380000,0x00000000ead6d368,0x00000000ec580000)
  to   space 33792K, 0% used [0x00000000ed800000,0x00000000ed800000,0x00000000ef900000)
 ParOldGen       total 207872K, used 67716K [0x00000000a0000000, 0x00000000acb00000, 0x00000000e0000000)
  object space 207872K, 32% used [0x00000000a0000000,0x00000000a42213e8,0x00000000acb00000)
 Metaspace       used 100185K, capacity 105660K, committed 105984K, reserved 1140736K
  class space    used 13191K, capacity 14250K, committed 14336K, reserved 1048576K
Event: 994.421 GC heap after
Heap after GC invocations=28 (full 4):
 PSYoungGen      total 210944K, used 14211K [0x00000000e0000000, 0x00000000ef200000, 0x0000000100000000)
  eden space 184320K, 0% used [0x00000000e0000000,0x00000000e0000000,0x00000000eb400000)
  from space 26624K, 53% used [0x00000000ed800000,0x00000000ee5e0d10,0x00000000ef200000)
  to   space 31744K, 0% used [0x00000000eb400000,0x00000000eb400000,0x00000000ed300000)
 ParOldGen       total 207872K, used 67724K [0x00000000a0000000, 0x00000000acb00000, 0x00000000e0000000)
  object space 207872K, 32% used [0x00000000a0000000,0x00000000a42233e8,0x00000000acb00000)
 Metaspace       used 100185K, capacity 105660K, committed 105984K, reserved 1140736K
  class space    used 13191K, capacity 14250K, committed 14336K, reserved 1048576K
}
Event: 1006.974 GC heap before
{Heap before GC invocations=29 (full 4):
 PSYoungGen      total 210944K, used 198531K [0x00000000e0000000, 0x00000000ef200000, 0x0000000100000000)
  eden space 184320K, 100% used [0x00000000e0000000,0x00000000eb400000,0x00000000eb400000)
  from space 26624K, 53% used [0x00000000ed800000,0x00000000ee5e0d10,0x00000000ef200000)
  to   space 31744K, 0% used [0x00000000eb400000,0x00000000eb400000,0x00000000ed300000)
 ParOldGen       total 207872K, used 67724K [0x00000000a0000000, 0x00000000acb00000, 0x00000000e0000000)
  object space 207872K, 32% used [0x00000000a0000000,0x00000000a42233e8,0x00000000acb00000)
 Metaspace       used 100823K, capacity 106450K, committed 106496K, reserved 1140736K
  class space    used 13243K, capacity 14305K, committed 14336K, reserved 1048576K
Event: 1007.035 GC heap after
Heap after GC invocations=29 (full 4):
 PSYoungGen      total 216064K, used 31735K [0x00000000e0000000, 0x00000000f0e00000, 0x0000000100000000)
  eden space 184320K, 0% used [0x00000000e0000000,0x00000000e0000000,0x00000000eb400000)
  from space 31744K, 99% used [0x00000000eb400000,0x00000000ed2fdd48,0x00000000ed300000)
  to   space 39424K, 0% used [0x00000000ee780000,0x00000000ee780000,0x00000000f0e00000)
 ParOldGen       total 207872K, used 75529K [0x00000000a0000000, 0x00000000acb00000, 0x00000000e0000000)
  object space 207872K, 36% used [0x00000000a0000000,0x00000000a49c2690,0x00000000acb00000)
 Metaspace       used 100823K, capacity 106450K, committed 106496K, reserved 1140736K
  class space    used 13243K, capacity 14305K, committed 14336K, reserved 1048576K
}
Event: 1068.405 GC heap before
{Heap before GC invocations=30 (full 4):
 PSYoungGen      total 216064K, used 215946K [0x00000000e0000000, 0x00000000f0e00000, 0x0000000100000000)
  eden space 184320K, 99% used [0x00000000e0000000,0x00000000eb3e4c20,0x00000000eb400000)
  from space 31744K, 99% used [0x00000000eb400000,0x00000000ed2fdd48,0x00000000ed300000)
  to   space 39424K, 0% used [0x00000000ee780000,0x00000000ee780000,0x00000000f0e00000)
 ParOldGen       total 207872K, used 75529K [0x00000000a0000000, 0x00000000acb00000, 0x00000000e0000000)
  object space 207872K, 36% used [0x00000000a0000000,0x00000000a49c2690,0x00000000acb00000)
 Metaspace       used 101307K, capacity 107072K, committed 107392K, reserved 1142784K
  class space    used 13266K, capacity 14342K, committed 14464K, reserved 1048576K
Event: 1068.456 GC heap after
Heap after GC invocations=30 (full 4):
 PSYoungGen      total 231424K, used 37917K [0x00000000e0000000, 0x00000000f1700000, 0x0000000100000000)
  eden space 192000K, 0% used [0x00000000e0000000,0x00000000e0000000,0x00000000ebb80000)
  from space 39424K, 96% used [0x00000000ee780000,0x00000000f0c87610,0x00000000f0e00000)
  to   space 45056K, 0% used [0x00000000ebb80000,0x00000000ebb80000,0x00000000ee780000)
 ParOldGen       total 207872K, used 77694K [0x00000000a0000000, 0x00000000acb00000, 0x00000000e0000000)
  object space 207872K, 37% used [0x00000000a0000000,0x00000000a4bdf9e0,0x00000000acb00000)
 Metaspace       used 101307K, capacity 107072K, committed 107392K, reserved 1142784K
  class space    used 13266K, capacity 14342K, committed 14464K, reserved 1048576K
}
Event: 1435.766 GC heap before
{Heap before GC invocations=31 (full 4):
 PSYoungGen      total 231424K, used 229917K [0x00000000e0000000, 0x00000000f1700000, 0x0000000100000000)
  eden space 192000K, 100% used [0x00000000e0000000,0x00000000ebb80000,0x00000000ebb80000)
  from space 39424K, 96% used [0x00000000ee780000,0x00000000f0c87610,0x00000000f0e00000)
  to   space 45056K, 0% used [0x00000000ebb80000,0x00000000ebb80000,0x00000000ee780000)
 ParOldGen       total 207872K, used 77694K [0x00000000a0000000, 0x00000000acb00000, 0x00000000e0000000)
  object space 207872K, 37% used [0x00000000a0000000,0x00000000a4bdf9e0,0x00000000acb00000)
 Metaspace       used 103375K, capacity 109976K, committed 110336K, reserved 1144832K
  class space    used 13515K, capacity 14737K, committed 14848K, reserved 1048576K
Event: 1435.786 GC heap after
Heap after GC invocations=31 (full 4):
 PSYoungGen      total 237056K, used 16803K [0x00000000e0000000, 0x00000000f1780000, 0x0000000100000000)
  eden space 192000K, 0% used [0x00000000e0000000,0x00000000e0000000,0x00000000ebb80000)
  from space 45056K, 37% used [0x00000000ebb80000,0x00000000ecbe8cd0,0x00000000ee780000)
  to   space 42496K, 0% used [0x00000000eee00000,0x00000000eee00000,0x00000000f1780000)
 ParOldGen       total 207872K, used 77702K [0x00000000a0000000, 0x00000000acb00000, 0x00000000e0000000)
  object space 207872K, 37% used [0x00000000a0000000,0x00000000a4be19e0,0x00000000acb00000)
 Metaspace       used 103375K, capacity 109976K, committed 110336K, reserved 1144832K
  class space    used 13515K, capacity 14737K, committed 14848K, reserved 1048576K
}
Event: 2471.724 GC heap before
{Heap before GC invocations=32 (full 4):
 PSYoungGen      total 237056K, used 208803K [0x00000000e0000000, 0x00000000f1780000, 0x0000000100000000)
  eden space 192000K, 100% used [0x00000000e0000000,0x00000000ebb80000,0x00000000ebb80000)
  from space 45056K, 37% used [0x00000000ebb80000,0x00000000ecbe8cd0,0x00000000ee780000)
  to   space 42496K, 0% used [0x00000000eee00000,0x00000000eee00000,0x00000000f1780000)
 ParOldGen       total 207872K, used 77702K [0x00000000a0000000, 0x00000000acb00000, 0x00000000e0000000)
  object space 207872K, 37% used [0x00000000a0000000,0x00000000a4be19e0,0x00000000acb00000)
 Metaspace       used 103778K, capacity 110424K, committed 110592K, reserved 1144832K
  class space    used 13526K, capacity 14757K, committed 14848K, reserved 1048576K
Event: 2471.802 GC heap after
Heap after GC invocations=32 (full 4):
 PSYoungGen      total 235520K, used 18491K [0x00000000e0000000, 0x00000000f1180000, 0x0000000100000000)
  eden space 199168K, 0% used [0x00000000e0000000,0x00000000e0000000,0x00000000ec280000)
  from space 36352K, 50% used [0x00000000eee00000,0x00000000f000efa0,0x00000000f1180000)
  to   space 40448K, 0% used [0x00000000ec280000,0x00000000ec280000,0x00000000eea00000)
 ParOldGen       total 207872K, used 77710K [0x00000000a0000000, 0x00000000acb00000, 0x00000000e0000000)
  object space 207872K, 37% used [0x00000000a0000000,0x00000000a4be39e0,0x00000000acb00000)
 Metaspace       used 103778K, capacity 110424K, committed 110592K, reserved 1144832K
  class space    used 13526K, capacity 14757K, committed 14848K, reserved 1048576K
}

