# JRE version: OpenJDK Runtime Environment (8.0_202-b03) (build 1.8.0_202-release-1483-b03)
# Java VM: OpenJDK 64-Bit Server VM (25.202-b03 mixed mode windows-amd64 compressed oops)
Heap:
 PSYoungGen      total 422400K, used 81085K [0x00000000e0000000, 0x0000000100000000, 0x0000000100000000)
  eden space 397824K, 20% used [0x00000000e0000000,0x00000000e4f2f508,0x00000000f8480000)
  from space 24576K, 0% used [0x00000000f8480000,0x00000000f8480000,0x00000000f9c80000)
  to   space 23552K, 0% used [0x00000000fe900000,0x00000000fe900000,0x0000000100000000)
 ParOldGen       total 158720K, used 64625K [0x00000000a0000000, 0x00000000a9b00000, 0x00000000e0000000)
  object space 158720K, 40% used [0x00000000a0000000,0x00000000a3f1c5a8,0x00000000a9b00000)
 Metaspace       used 93795K, capacity 99254K, committed 99840K, reserved 1136640K
  class space    used 12200K, capacity 13232K, committed 13312K, reserved 1048576K
GC Heap History (10 events):
Event: 426.798 GC heap before
{Heap before GC invocations=17 (full 3):
 PSYoungGen      total 229376K, used 223230K [0x00000000e0000000, 0x00000000f5380000, 0x0000000100000000)
  eden space 207872K, 100% used [0x00000000e0000000,0x00000000ecb00000,0x00000000ecb00000)
  from space 21504K, 71% used [0x00000000ecb00000,0x00000000ed9ffa40,0x00000000ee000000)
  to   space 22528K, 0% used [0x00000000f3d80000,0x00000000f3d80000,0x00000000f5380000)
 ParOldGen       total 109568K, used 34193K [0x00000000a0000000, 0x00000000a6b00000, 0x00000000e0000000)
  object space 109568K, 31% used [0x00000000a0000000,0x00000000a2164738,0x00000000a6b00000)
 Metaspace       used 70073K, capacity 73802K, committed 73856K, reserved 1114112K
  class space    used 9293K, capacity 10077K, committed 10112K, reserved 1048576K
Event: 427.047 GC heap after
Heap after GC invocations=17 (full 3):
 PSYoungGen      total 311808K, used 15314K [0x00000000e0000000, 0x00000000f4d80000, 0x0000000100000000)
  eden space 295424K, 0% used [0x00000000e0000000,0x00000000e0000000,0x00000000f2080000)
  from space 16384K, 93% used [0x00000000f3d80000,0x00000000f4c74ac0,0x00000000f4d80000)
  to   space 23040K, 0% used [0x00000000f2080000,0x00000000f2080000,0x00000000f3700000)
 ParOldGen       total 109568K, used 44363K [0x00000000a0000000, 0x00000000a6b00000, 0x00000000e0000000)
  object space 109568K, 40% used [0x00000000a0000000,0x00000000a2b52cf8,0x00000000a6b00000)
 Metaspace       used 70073K, capacity 73802K, committed 73856K, reserved 1114112K
  class space    used 9293K, capacity 10077K, committed 10112K, reserved 1048576K
}
Event: 856.143 GC heap before
{Heap before GC invocations=18 (full 3):
 PSYoungGen      total 311808K, used 310738K [0x00000000e0000000, 0x00000000f4d80000, 0x0000000100000000)
  eden space 295424K, 100% used [0x00000000e0000000,0x00000000f2080000,0x00000000f2080000)
  from space 16384K, 93% used [0x00000000f3d80000,0x00000000f4c74ac0,0x00000000f4d80000)
  to   space 23040K, 0% used [0x00000000f2080000,0x00000000f2080000,0x00000000f3700000)
 ParOldGen       total 109568K, used 44363K [0x00000000a0000000, 0x00000000a6b00000, 0x00000000e0000000)
  object space 109568K, 40% used [0x00000000a0000000,0x00000000a2b52cf8,0x00000000a6b00000)
 Metaspace       used 76336K, capacity 81310K, committed 81408K, reserved 1120256K
  class space    used 9971K, capacity 10927K, committed 11008K, reserved 1048576K
Event: 856.175 GC heap after
Heap after GC invocations=18 (full 3):
 PSYoungGen      total 318464K, used 21229K [0x00000000e0000000, 0x00000000fc200000, 0x0000000100000000)
  eden space 295424K, 0% used [0x00000000e0000000,0x00000000e0000000,0x00000000f2080000)
  from space 23040K, 92% used [0x00000000f2080000,0x00000000f353b7a8,0x00000000f3700000)
  to   space 26112K, 0% used [0x00000000fa880000,0x00000000fa880000,0x00000000fc200000)
 ParOldGen       total 109568K, used 55183K [0x00000000a0000000, 0x00000000a6b00000, 0x00000000e0000000)
  object space 109568K, 50% used [0x00000000a0000000,0x00000000a35e3eb8,0x00000000a6b00000)
 Metaspace       used 76336K, capacity 81310K, committed 81408K, reserved 1120256K
  class space    used 9971K, capacity 10927K, committed 11008K, reserved 1048576K
}
Event: 863.572 GC heap before
{Heap before GC invocations=19 (full 3):
 PSYoungGen      total 318464K, used 316653K [0x00000000e0000000, 0x00000000fc200000, 0x0000000100000000)
  eden space 295424K, 100% used [0x00000000e0000000,0x00000000f2080000,0x00000000f2080000)
  from space 23040K, 92% used [0x00000000f2080000,0x00000000f353b7a8,0x00000000f3700000)
  to   space 26112K, 0% used [0x00000000fa880000,0x00000000fa880000,0x00000000fc200000)
 ParOldGen       total 109568K, used 55183K [0x00000000a0000000, 0x00000000a6b00000, 0x00000000e0000000)
  object space 109568K, 50% used [0x00000000a0000000,0x00000000a35e3eb8,0x00000000a6b00000)
 Metaspace       used 85858K, capacity 91422K, committed 91648K, reserved 1128448K
  class space    used 11239K, capacity 12277K, committed 12288K, reserved 1048576K
Event: 863.589 GC heap after
Heap after GC invocations=19 (full 3):
 PSYoungGen      total 409600K, used 12102K [0x00000000e0000000, 0x00000000fb480000, 0x0000000100000000)
  eden space 397312K, 0% used [0x00000000e0000000,0x00000000e0000000,0x00000000f8400000)
  from space 12288K, 98% used [0x00000000fa880000,0x00000000fb4518a8,0x00000000fb480000)
  to   space 24576K, 0% used [0x00000000f8480000,0x00000000f8480000,0x00000000f9c80000)
 ParOldGen       total 109568K, used 62753K [0x00000000a0000000, 0x00000000a6b00000, 0x00000000e0000000)
  object space 109568K, 57% used [0x00000000a0000000,0x00000000a3d484e8,0x00000000a6b00000)
 Metaspace       used 85858K, capacity 91422K, committed 91648K, reserved 1128448K
  class space    used 11239K, capacity 12277K, committed 12288K, reserved 1048576K
}
Event: 866.461 GC heap before
{Heap before GC invocations=20 (full 3):
 PSYoungGen      total 409600K, used 295249K [0x00000000e0000000, 0x00000000fb480000, 0x0000000100000000)
  eden space 397312K, 71% used [0x00000000e0000000,0x00000000f1482e40,0x00000000f8400000)
  from space 12288K, 98% used [0x00000000fa880000,0x00000000fb4518a8,0x00000000fb480000)
  to   space 24576K, 0% used [0x00000000f8480000,0x00000000f8480000,0x00000000f9c80000)
 ParOldGen       total 109568K, used 62753K [0x00000000a0000000, 0x00000000a6b00000, 0x00000000e0000000)
  object space 109568K, 57% used [0x00000000a0000000,0x00000000a3d484e8,0x00000000a6b00000)
 Metaspace       used 92702K, capacity 98460K, committed 98496K, reserved 1134592K
  class space    used 12104K, capacity 13158K, committed 13184K, reserved 1048576K
Event: 866.479 GC heap after
Heap after GC invocations=20 (full 3):
 PSYoungGen      total 422400K, used 11875K [0x00000000e0000000, 0x0000000100000000, 0x0000000100000000)
  eden space 397824K, 0% used [0x00000000e0000000,0x00000000e0000000,0x00000000f8480000)
  from space 24576K, 48% used [0x00000000f8480000,0x00000000f9018d40,0x00000000f9c80000)
  to   space 23552K, 0% used [0x00000000fe900000,0x00000000fe900000,0x0000000100000000)
 ParOldGen       total 109568K, used 69246K [0x00000000a0000000, 0x00000000a6b00000, 0x00000000e0000000)
  object space 109568K, 63% used [0x00000000a0000000,0x00000000a439f8c8,0x00000000a6b00000)
 Metaspace       used 92702K, capacity 98460K, committed 98496K, reserved 1134592K
  class space    used 12104K, capacity 13158K, committed 13184K, reserved 1048576K
}
Event: 866.479 GC heap before
{Heap before GC invocations=21 (full 4):
 PSYoungGen      total 422400K, used 11875K [0x00000000e0000000, 0x0000000100000000, 0x0000000100000000)
  eden space 397824K, 0% used [0x00000000e0000000,0x00000000e0000000,0x00000000f8480000)
  from space 24576K, 48% used [0x00000000f8480000,0x00000000f9018d40,0x00000000f9c80000)
  to   space 23552K, 0% used [0x00000000fe900000,0x00000000fe900000,0x0000000100000000)
 ParOldGen       total 109568K, used 69246K [0x00000000a0000000, 0x00000000a6b00000, 0x00000000e0000000)
  object space 109568K, 63% used [0x00000000a0000000,0x00000000a439f8c8,0x00000000a6b00000)
 Metaspace       used 92702K, capacity 98460K, committed 98496K, reserved 1134592K
  class space    used 12104K, capacity 13158K, committed 13184K, reserved 1048576K
Event: 866.737 GC heap after
Heap after GC invocations=21 (full 4):
 PSYoungGen      total 422400K, used 0K [0x00000000e0000000, 0x0000000100000000, 0x0000000100000000)
  eden space 397824K, 0% used [0x00000000e0000000,0x00000000e0000000,0x00000000f8480000)
  from space 24576K, 0% used [0x00000000f8480000,0x00000000f8480000,0x00000000f9c80000)
  to   space 23552K, 0% used [0x00000000fe900000,0x00000000fe900000,0x0000000100000000)
 ParOldGen       total 158720K, used 64625K [0x00000000a0000000, 0x00000000a9b00000, 0x00000000e0000000)
  object space 158720K, 40% used [0x00000000a0000000,0x00000000a3f1c5a8,0x00000000a9b00000)
 Metaspace       used 92250K, capacity 97172K, committed 98496K, reserved 1134592K
  class space    used 11964K, capacity 12913K, committed 13184K, reserved 1048576K
}

