# JRE version: OpenJDK Runtime Environment (8.0_202-b03) (build 1.8.0_202-release-1483-b03)
# Java VM: OpenJDK 64-Bit Server VM (25.202-b03 mixed mode windows-amd64 compressed oops)
Heap:
 PSYoungGen      total 217088K, used 130103K [0x00000000e0000000, 0x00000000eeb80000, 0x0000000100000000)
  eden space 198144K, 58% used [0x00000000e0000000,0x00000000e70c1960,0x00000000ec180000)
  from space 18944K, 77% used [0x00000000ed500000,0x00000000ee34c528,0x00000000ee780000)
  to   space 19968K, 0% used [0x00000000ec180000,0x00000000ec180000,0x00000000ed500000)
 ParOldGen       total 128000K, used 36386K [0x00000000a0000000, 0x00000000a7d00000, 0x00000000e0000000)
  object space 128000K, 28% used [0x00000000a0000000,0x00000000a2388a40,0x00000000a7d00000)
 Metaspace       used 68821K, capacity 73074K, committed 73304K, reserved 1112064K
  class space    used 9556K, capacity 10318K, committed 10368K, reserved 1048576K
GC Heap History (10 events):
Event: 8.223 GC heap before
{Heap before GC invocations=11 (full 2):
 PSYoungGen      total 130560K, used 9730K [0x00000000e0000000, 0x00000000ec480000, 0x0000000100000000)
  eden space 119808K, 0% used [0x00000000e0000000,0x00000000e0000000,0x00000000e7500000)
  from space 10752K, 90% used [0x00000000e7500000,0x00000000e7e80a30,0x00000000e7f80000)
  to   space 11776K, 0% used [0x00000000eb900000,0x00000000eb900000,0x00000000ec480000)
 ParOldGen       total 53248K, used 8623K [0x00000000a0000000, 0x00000000a3400000, 0x00000000e0000000)
  object space 53248K, 16% used [0x00000000a0000000,0x00000000a086bc68,0x00000000a3400000)
 Metaspace       used 34618K, capacity 35432K, committed 35456K, reserved 1079296K
  class space    used 4782K, capacity 4976K, committed 4992K, reserved 1048576K
Event: 8.283 GC heap after
Heap after GC invocations=11 (full 2):
 PSYoungGen      total 130560K, used 0K [0x00000000e0000000, 0x00000000ec480000, 0x0000000100000000)
  eden space 119808K, 0% used [0x00000000e0000000,0x00000000e0000000,0x00000000e7500000)
  from space 10752K, 0% used [0x00000000e7500000,0x00000000e7500000,0x00000000e7f80000)
  to   space 11776K, 0% used [0x00000000eb900000,0x00000000eb900000,0x00000000ec480000)
 ParOldGen       total 80384K, used 16738K [0x00000000a0000000, 0x00000000a4e80000, 0x00000000e0000000)
  object space 80384K, 20% used [0x00000000a0000000,0x00000000a10588e0,0x00000000a4e80000)
 Metaspace       used 34581K, capacity 35312K, committed 35456K, reserved 1079296K
  class space    used 4771K, capacity 4956K, committed 4992K, reserved 1048576K
}
Event: 9.598 GC heap before
{Heap before GC invocations=12 (full 2):
 PSYoungGen      total 130560K, used 119808K [0x00000000e0000000, 0x00000000ec480000, 0x0000000100000000)
  eden space 119808K, 100% used [0x00000000e0000000,0x00000000e7500000,0x00000000e7500000)
  from space 10752K, 0% used [0x00000000e7500000,0x00000000e7500000,0x00000000e7f80000)
  to   space 11776K, 0% used [0x00000000eb900000,0x00000000eb900000,0x00000000ec480000)
 ParOldGen       total 80384K, used 16738K [0x00000000a0000000, 0x00000000a4e80000, 0x00000000e0000000)
  object space 80384K, 20% used [0x00000000a0000000,0x00000000a10588e0,0x00000000a4e80000)
 Metaspace       used 45533K, capacity 46620K, committed 46976K, reserved 1089536K
  class space    used 6140K, capacity 6419K, committed 6528K, reserved 1048576K
Event: 9.610 GC heap after
Heap after GC invocations=12 (full 2):
 PSYoungGen      total 166912K, used 11773K [0x00000000e0000000, 0x00000000ec480000, 0x0000000100000000)
  eden space 155136K, 0% used [0x00000000e0000000,0x00000000e0000000,0x00000000e9780000)
  from space 11776K, 99% used [0x00000000eb900000,0x00000000ec47f4e0,0x00000000ec480000)
  to   space 14336K, 0% used [0x00000000ea880000,0x00000000ea880000,0x00000000eb680000)
 ParOldGen       total 80384K, used 20542K [0x00000000a0000000, 0x00000000a4e80000, 0x00000000e0000000)
  object space 80384K, 25% used [0x00000000a0000000,0x00000000a140fbb8,0x00000000a4e80000)
 Metaspace       used 45533K, capacity 46620K, committed 46976K, reserved 1089536K
  class space    used 6140K, capacity 6419K, committed 6528K, reserved 1048576K
}
Event: 11.214 GC heap before
{Heap before GC invocations=13 (full 2):
 PSYoungGen      total 166912K, used 145636K [0x00000000e0000000, 0x00000000ec480000, 0x0000000100000000)
  eden space 155136K, 86% used [0x00000000e0000000,0x00000000e82b9bb8,0x00000000e9780000)
  from space 11776K, 99% used [0x00000000eb900000,0x00000000ec47f4e0,0x00000000ec480000)
  to   space 14336K, 0% used [0x00000000ea880000,0x00000000ea880000,0x00000000eb680000)
 ParOldGen       total 80384K, used 20542K [0x00000000a0000000, 0x00000000a4e80000, 0x00000000e0000000)
  object space 80384K, 25% used [0x00000000a0000000,0x00000000a140fbb8,0x00000000a4e80000)
 Metaspace       used 57230K, capacity 58890K, committed 59096K, reserved 1099776K
  class space    used 7778K, capacity 8162K, committed 8192K, reserved 1048576K
Event: 11.233 GC heap after
Heap after GC invocations=13 (full 2):
 PSYoungGen      total 186880K, used 14314K [0x00000000e0000000, 0x00000000ee780000, 0x0000000100000000)
  eden space 172544K, 0% used [0x00000000e0000000,0x00000000e0000000,0x00000000ea880000)
  from space 14336K, 99% used [0x00000000ea880000,0x00000000eb67a928,0x00000000eb680000)
  to   space 18944K, 0% used [0x00000000ed500000,0x00000000ed500000,0x00000000ee780000)
 ParOldGen       total 80384K, used 28808K [0x00000000a0000000, 0x00000000a4e80000, 0x00000000e0000000)
  object space 80384K, 35% used [0x00000000a0000000,0x00000000a1c22208,0x00000000a4e80000)
 Metaspace       used 57230K, capacity 58890K, committed 59096K, reserved 1099776K
  class space    used 7778K, capacity 8162K, committed 8192K, reserved 1048576K
}
Event: 11.233 GC heap before
{Heap before GC invocations=14 (full 3):
 PSYoungGen      total 186880K, used 14314K [0x00000000e0000000, 0x00000000ee780000, 0x0000000100000000)
  eden space 172544K, 0% used [0x00000000e0000000,0x00000000e0000000,0x00000000ea880000)
  from space 14336K, 99% used [0x00000000ea880000,0x00000000eb67a928,0x00000000eb680000)
  to   space 18944K, 0% used [0x00000000ed500000,0x00000000ed500000,0x00000000ee780000)
 ParOldGen       total 80384K, used 28808K [0x00000000a0000000, 0x00000000a4e80000, 0x00000000e0000000)
  object space 80384K, 35% used [0x00000000a0000000,0x00000000a1c22208,0x00000000a4e80000)
 Metaspace       used 57230K, capacity 58890K, committed 59096K, reserved 1099776K
  class space    used 7778K, capacity 8162K, committed 8192K, reserved 1048576K
Event: 11.449 GC heap after
Heap after GC invocations=14 (full 3):
 PSYoungGen      total 186880K, used 0K [0x00000000e0000000, 0x00000000ee780000, 0x0000000100000000)
  eden space 172544K, 0% used [0x00000000e0000000,0x00000000e0000000,0x00000000ea880000)
  from space 14336K, 0% used [0x00000000ea880000,0x00000000ea880000,0x00000000eb680000)
  to   space 18944K, 0% used [0x00000000ed500000,0x00000000ed500000,0x00000000ee780000)
 ParOldGen       total 128000K, used 36378K [0x00000000a0000000, 0x00000000a7d00000, 0x00000000e0000000)
  object space 128000K, 28% used [0x00000000a0000000,0x00000000a2386a40,0x00000000a7d00000)
 Metaspace       used 57230K, capacity 58890K, committed 59096K, reserved 1099776K
  class space    used 7778K, capacity 8162K, committed 8192K, reserved 1048576K
}
Event: 13.806 GC heap before
{Heap before GC invocations=15 (full 3):
 PSYoungGen      total 186880K, used 172544K [0x00000000e0000000, 0x00000000ee780000, 0x0000000100000000)
  eden space 172544K, 100% used [0x00000000e0000000,0x00000000ea880000,0x00000000ea880000)
  from space 14336K, 0% used [0x00000000ea880000,0x00000000ea880000,0x00000000eb680000)
  to   space 18944K, 0% used [0x00000000ed500000,0x00000000ed500000,0x00000000ee780000)
 ParOldGen       total 128000K, used 36378K [0x00000000a0000000, 0x00000000a7d00000, 0x00000000e0000000)
  object space 128000K, 28% used [0x00000000a0000000,0x00000000a2386a40,0x00000000a7d00000)
 Metaspace       used 62815K, capacity 65404K, committed 65752K, reserved 1105920K
  class space    used 8572K, capacity 9115K, committed 9216K, reserved 1048576K
Event: 13.828 GC heap after
Heap after GC invocations=15 (full 3):
 PSYoungGen      total 217088K, used 14641K [0x00000000e0000000, 0x00000000eeb80000, 0x0000000100000000)
  eden space 198144K, 0% used [0x00000000e0000000,0x00000000e0000000,0x00000000ec180000)
  from space 18944K, 77% used [0x00000000ed500000,0x00000000ee34c528,0x00000000ee780000)
  to   space 19968K, 0% used [0x00000000ec180000,0x00000000ec180000,0x00000000ed500000)
 ParOldGen       total 128000K, used 36386K [0x00000000a0000000, 0x00000000a7d00000, 0x00000000e0000000)
  object space 128000K, 28% used [0x00000000a0000000,0x00000000a2388a40,0x00000000a7d00000)
 Metaspace       used 62815K, capacity 65404K, committed 65752K, reserved 1105920K
  class space    used 8572K, capacity 9115K, committed 9216K, reserved 1048576K
}

