# JRE version: OpenJDK Runtime Environment (8.0_212-b04) (build 1.8.0_212-release-1586-b04)
# Java VM: OpenJDK 64-Bit Server VM (25.212-b04 mixed mode windows-amd64 compressed oops)
Heap:
 PSYoungGen      total 472576K, used 248903K [0x00000000e0000000, 0x0000000100000000, 0x0000000100000000)
  eden space 442368K, 49% used [0x00000000e0000000,0x00000000ed5983e8,0x00000000fb000000)
  from space 30208K, 99% used [0x00000000fe180000,0x00000000ffef9888,0x00000000fff00000)
  to   space 40960K, 0% used [0x00000000fb000000,0x00000000fb000000,0x00000000fd800000)
 ParOldGen       total 185856K, used 78260K [0x00000000a0000000, 0x00000000ab580000, 0x00000000e0000000)
  object space 185856K, 42% used [0x00000000a0000000,0x00000000a4c6d080,0x00000000ab580000)
 Metaspace       used 107064K, capacity 113316K, committed 113432K, reserved 1146880K
  class space    used 13768K, capacity 15037K, committed 15128K, reserved 1048576K
GC Heap History (10 events):
Event: 70.917 GC heap before
{Heap before GC invocations=24 (full 3):
 PSYoungGen      total 476160K, used 451520K [0x00000000e0000000, 0x00000000ff500000, 0x0000000100000000)
  eden space 448512K, 100% used [0x00000000e0000000,0x00000000fb600000,0x00000000fb600000)
  from space 27648K, 10% used [0x00000000fda00000,0x00000000fdcf0000,0x00000000ff500000)
  to   space 32256K, 0% used [0x00000000fb600000,0x00000000fb600000,0x00000000fd580000)
 ParOldGen       total 131072K, used 83193K [0x00000000a0000000, 0x00000000a8000000, 0x00000000e0000000)
  object space 131072K, 63% used [0x00000000a0000000,0x00000000a513e718,0x00000000a8000000)
 Metaspace       used 89792K, capacity 95026K, committed 95128K, reserved 1132544K
  class space    used 11941K, capacity 12948K, committed 12952K, reserved 1048576K
Event: 71.005 GC heap after
Heap after GC invocations=24 (full 3):
 PSYoungGen      total 480768K, used 3872K [0x00000000e0000000, 0x0000000100000000, 0x0000000100000000)
  eden space 448512K, 0% used [0x00000000e0000000,0x00000000e0000000,0x00000000fb600000)
  from space 32256K, 12% used [0x00000000fb600000,0x00000000fb9c8010,0x00000000fd580000)
  to   space 32256K, 0% used [0x00000000fe080000,0x00000000fe080000,0x0000000100000000)
 ParOldGen       total 131072K, used 84765K [0x00000000a0000000, 0x00000000a8000000, 0x00000000e0000000)
  object space 131072K, 64% used [0x00000000a0000000,0x00000000a52c7728,0x00000000a8000000)
 Metaspace       used 89792K, capacity 95026K, committed 95128K, reserved 1132544K
  class space    used 11941K, capacity 12948K, committed 12952K, reserved 1048576K
}
Event: 72.861 GC heap before
{Heap before GC invocations=25 (full 3):
 PSYoungGen      total 480768K, used 452305K [0x00000000e0000000, 0x0000000100000000, 0x0000000100000000)
  eden space 448512K, 99% used [0x00000000e0000000,0x00000000fb5ec520,0x00000000fb600000)
  from space 32256K, 12% used [0x00000000fb600000,0x00000000fb9c8010,0x00000000fd580000)
  to   space 32256K, 0% used [0x00000000fe080000,0x00000000fe080000,0x0000000100000000)
 ParOldGen       total 131072K, used 84765K [0x00000000a0000000, 0x00000000a8000000, 0x00000000e0000000)
  object space 131072K, 64% used [0x00000000a0000000,0x00000000a52c7728,0x00000000a8000000)
 Metaspace       used 89925K, capacity 95094K, committed 95128K, reserved 1132544K
  class space    used 11951K, capacity 12948K, committed 12952K, reserved 1048576K
Event: 72.876 GC heap after
Heap after GC invocations=25 (full 3):
 PSYoungGen      total 489984K, used 5929K [0x00000000e0000000, 0x00000000ffe00000, 0x0000000100000000)
  eden space 459776K, 0% used [0x00000000e0000000,0x00000000e0000000,0x00000000fc100000)
  from space 30208K, 19% used [0x00000000fe080000,0x00000000fe64a508,0x00000000ffe00000)
  to   space 31232K, 0% used [0x00000000fc100000,0x00000000fc100000,0x00000000fdf80000)
 ParOldGen       total 131072K, used 88414K [0x00000000a0000000, 0x00000000a8000000, 0x00000000e0000000)
  object space 131072K, 67% used [0x00000000a0000000,0x00000000a5657a48,0x00000000a8000000)
 Metaspace       used 89925K, capacity 95094K, committed 95128K, reserved 1132544K
  class space    used 11951K, capacity 12948K, committed 12952K, reserved 1048576K
}
Event: 78.677 GC heap before
{Heap before GC invocations=26 (full 3):
 PSYoungGen      total 489984K, used 390725K [0x00000000e0000000, 0x00000000ffe00000, 0x0000000100000000)
  eden space 459776K, 83% used [0x00000000e0000000,0x00000000f77c71f0,0x00000000fc100000)
  from space 30208K, 19% used [0x00000000fe080000,0x00000000fe64a508,0x00000000ffe00000)
  to   space 31232K, 0% used [0x00000000fc100000,0x00000000fc100000,0x00000000fdf80000)
 ParOldGen       total 131072K, used 88414K [0x00000000a0000000, 0x00000000a8000000, 0x00000000e0000000)
  object space 131072K, 67% used [0x00000000a0000000,0x00000000a5657a48,0x00000000a8000000)
 Metaspace       used 93019K, capacity 98502K, committed 98600K, reserved 1134592K
  class space    used 12431K, capacity 13438K, committed 13464K, reserved 1048576K
Event: 78.706 GC heap after
Heap after GC invocations=26 (full 3):
 PSYoungGen      total 491008K, used 8078K [0x00000000e0000000, 0x00000000fff00000, 0x0000000100000000)
  eden space 459776K, 0% used [0x00000000e0000000,0x00000000e0000000,0x00000000fc100000)
  from space 31232K, 25% used [0x00000000fc100000,0x00000000fc8e39c8,0x00000000fdf80000)
  to   space 30208K, 0% used [0x00000000fe180000,0x00000000fe180000,0x00000000fff00000)
 ParOldGen       total 131072K, used 91686K [0x00000000a0000000, 0x00000000a8000000, 0x00000000e0000000)
  object space 131072K, 69% used [0x00000000a0000000,0x00000000a5989b08,0x00000000a8000000)
 Metaspace       used 93019K, capacity 98502K, committed 98600K, reserved 1134592K
  class space    used 12431K, capacity 13438K, committed 13464K, reserved 1048576K
}
Event: 78.706 GC heap before
{Heap before GC invocations=27 (full 4):
 PSYoungGen      total 491008K, used 8078K [0x00000000e0000000, 0x00000000fff00000, 0x0000000100000000)
  eden space 459776K, 0% used [0x00000000e0000000,0x00000000e0000000,0x00000000fc100000)
  from space 31232K, 25% used [0x00000000fc100000,0x00000000fc8e39c8,0x00000000fdf80000)
  to   space 30208K, 0% used [0x00000000fe180000,0x00000000fe180000,0x00000000fff00000)
 ParOldGen       total 131072K, used 91686K [0x00000000a0000000, 0x00000000a8000000, 0x00000000e0000000)
  object space 131072K, 69% used [0x00000000a0000000,0x00000000a5989b08,0x00000000a8000000)
 Metaspace       used 93019K, capacity 98502K, committed 98600K, reserved 1134592K
  class space    used 12431K, capacity 13438K, committed 13464K, reserved 1048576K
Event: 81.249 GC heap after
Heap after GC invocations=27 (full 4):
 PSYoungGen      total 491008K, used 0K [0x00000000e0000000, 0x00000000fff00000, 0x0000000100000000)
  eden space 459776K, 0% used [0x00000000e0000000,0x00000000e0000000,0x00000000fc100000)
  from space 31232K, 0% used [0x00000000fc100000,0x00000000fc100000,0x00000000fdf80000)
  to   space 30208K, 0% used [0x00000000fe180000,0x00000000fe180000,0x00000000fff00000)
 ParOldGen       total 185856K, used 63345K [0x00000000a0000000, 0x00000000ab580000, 0x00000000e0000000)
  object space 185856K, 34% used [0x00000000a0000000,0x00000000a3ddc618,0x00000000ab580000)
 Metaspace       used 92199K, capacity 96298K, committed 98600K, reserved 1134592K
  class space    used 12164K, capacity 12968K, committed 13464K, reserved 1048576K
}
Event: 453.723 GC heap before
{Heap before GC invocations=28 (full 4):
 PSYoungGen      total 491008K, used 459776K [0x00000000e0000000, 0x00000000fff00000, 0x0000000100000000)
  eden space 459776K, 100% used [0x00000000e0000000,0x00000000fc100000,0x00000000fc100000)
  from space 31232K, 0% used [0x00000000fc100000,0x00000000fc100000,0x00000000fdf80000)
  to   space 30208K, 0% used [0x00000000fe180000,0x00000000fe180000,0x00000000fff00000)
 ParOldGen       total 185856K, used 63345K [0x00000000a0000000, 0x00000000ab580000, 0x00000000e0000000)
  object space 185856K, 34% used [0x00000000a0000000,0x00000000a3ddc618,0x00000000ab580000)
 Metaspace       used 106283K, capacity 112286K, committed 112536K, reserved 1146880K
  class space    used 13713K, capacity 14942K, committed 15000K, reserved 1048576K
Event: 453.853 GC heap after
Heap after GC invocations=28 (full 4):
 PSYoungGen      total 472576K, used 30182K [0x00000000e0000000, 0x0000000100000000, 0x0000000100000000)
  eden space 442368K, 0% used [0x00000000e0000000,0x00000000e0000000,0x00000000fb000000)
  from space 30208K, 99% used [0x00000000fe180000,0x00000000ffef9888,0x00000000fff00000)
  to   space 40960K, 0% used [0x00000000fb000000,0x00000000fb000000,0x00000000fd800000)
 ParOldGen       total 185856K, used 78260K [0x00000000a0000000, 0x00000000ab580000, 0x00000000e0000000)
  object space 185856K, 42% used [0x00000000a0000000,0x00000000a4c6d080,0x00000000ab580000)
 Metaspace       used 106283K, capacity 112286K, committed 112536K, reserved 1146880K
  class space    used 13713K, capacity 14942K, committed 15000K, reserved 1048576K
}

