# JRE version: OpenJDK Runtime Environment (8.0_212-b04) (build 1.8.0_212-release-1586-b04)
# Java VM: OpenJDK 64-Bit Server VM (25.212-b04 mixed mode windows-amd64 compressed oops)
Heap:
 PSYoungGen      total 191488K, used 182572K [0x00000000e0000000, 0x00000000f0000000, 0x0000000100000000)
  eden space 183296K, 99% used [0x00000000e0000000,0x00000000eb2513d8,0x00000000eb300000)
  from space 8192K, 0% used [0x00000000ec000000,0x00000000ec000000,0x00000000ec800000)
  to   space 39424K, 0% used [0x00000000ed980000,0x00000000ed980000,0x00000000f0000000)
 ParOldGen       total 226816K, used 64566K [0x00000000a0000000, 0x00000000add80000, 0x00000000e0000000)
  object space 226816K, 28% used [0x00000000a0000000,0x00000000a3f0db28,0x00000000add80000)
 Metaspace       used 100070K, capacity 107018K, committed 107264K, reserved 1142784K
  class space    used 13149K, capacity 14514K, committed 14592K, reserved 1048576K
GC Heap History (10 events):
Event: 1854.427 GC heap before
{Heap before GC invocations=19 (full 3):
 PSYoungGen      total 236544K, used 230408K [0x00000000e0000000, 0x00000000f2b00000, 0x0000000100000000)
  eden space 209408K, 100% used [0x00000000e0000000,0x00000000ecc80000,0x00000000ecc80000)
  from space 27136K, 77% used [0x00000000ecc80000,0x00000000ee102160,0x00000000ee700000)
  to   space 29184K, 0% used [0x00000000f0e80000,0x00000000f0e80000,0x00000000f2b00000)
 ParOldGen       total 137216K, used 64562K [0x00000000a0000000, 0x00000000a8600000, 0x00000000e0000000)
  object space 137216K, 47% used [0x00000000a0000000,0x00000000a3f0ca90,0x00000000a8600000)
 Metaspace       used 79713K, capacity 85702K, committed 85760K, reserved 1124352K
  class space    used 10577K, capacity 11766K, committed 11776K, reserved 1048576K
Event: 1854.451 GC heap after
Heap after GC invocations=19 (full 3):
 PSYoungGen      total 231424K, used 29152K [0x00000000e0000000, 0x00000000f2b00000, 0x0000000100000000)
  eden space 202240K, 0% used [0x00000000e0000000,0x00000000e0000000,0x00000000ec580000)
  from space 29184K, 99% used [0x00000000f0e80000,0x00000000f2af8030,0x00000000f2b00000)
  to   space 37888K, 0% used [0x00000000ee100000,0x00000000ee100000,0x00000000f0600000)
 ParOldGen       total 137216K, used 76283K [0x00000000a0000000, 0x00000000a8600000, 0x00000000e0000000)
  object space 137216K, 55% used [0x00000000a0000000,0x00000000a4a7ece0,0x00000000a8600000)
 Metaspace       used 79713K, capacity 85702K, committed 85760K, reserved 1124352K
  class space    used 10577K, capacity 11766K, committed 11776K, reserved 1048576K
}
Event: 3322.195 GC heap before
{Heap before GC invocations=20 (full 3):
 PSYoungGen      total 231424K, used 231392K [0x00000000e0000000, 0x00000000f2b00000, 0x0000000100000000)
  eden space 202240K, 100% used [0x00000000e0000000,0x00000000ec580000,0x00000000ec580000)
  from space 29184K, 99% used [0x00000000f0e80000,0x00000000f2af8030,0x00000000f2b00000)
  to   space 37888K, 0% used [0x00000000ee100000,0x00000000ee100000,0x00000000f0600000)
 ParOldGen       total 137216K, used 76283K [0x00000000a0000000, 0x00000000a8600000, 0x00000000e0000000)
  object space 137216K, 55% used [0x00000000a0000000,0x00000000a4a7ece0,0x00000000a8600000)
 Metaspace       used 81807K, capacity 88102K, committed 88448K, reserved 1126400K
  class space    used 10811K, capacity 12052K, committed 12160K, reserved 1048576K
Event: 3322.243 GC heap after
Heap after GC invocations=20 (full 3):
 PSYoungGen      total 216576K, used 20886K [0x00000000e0000000, 0x00000000f0f00000, 0x0000000100000000)
  eden space 195584K, 0% used [0x00000000e0000000,0x00000000e0000000,0x00000000ebf00000)
  from space 20992K, 99% used [0x00000000ee100000,0x00000000ef565a98,0x00000000ef580000)
  to   space 26112K, 0% used [0x00000000ef580000,0x00000000ef580000,0x00000000f0f00000)
 ParOldGen       total 137216K, used 104681K [0x00000000a0000000, 0x00000000a8600000, 0x00000000e0000000)
  object space 137216K, 76% used [0x00000000a0000000,0x00000000a663a420,0x00000000a8600000)
 Metaspace       used 81807K, capacity 88102K, committed 88448K, reserved 1126400K
  class space    used 10811K, capacity 12052K, committed 12160K, reserved 1048576K
}
Event: 3325.937 GC heap before
{Heap before GC invocations=21 (full 3):
 PSYoungGen      total 216576K, used 216470K [0x00000000e0000000, 0x00000000f0f00000, 0x0000000100000000)
  eden space 195584K, 100% used [0x00000000e0000000,0x00000000ebf00000,0x00000000ebf00000)
  from space 20992K, 99% used [0x00000000ee100000,0x00000000ef565a98,0x00000000ef580000)
  to   space 26112K, 0% used [0x00000000ef580000,0x00000000ef580000,0x00000000f0f00000)
 ParOldGen       total 137216K, used 104681K [0x00000000a0000000, 0x00000000a8600000, 0x00000000e0000000)
  object space 137216K, 76% used [0x00000000a0000000,0x00000000a663a420,0x00000000a8600000)
 Metaspace       used 87363K, capacity 94058K, committed 94208K, reserved 1130496K
  class space    used 11446K, capacity 12764K, committed 12800K, reserved 1048576K
Event: 3325.965 GC heap after
Heap after GC invocations=21 (full 3):
 PSYoungGen      total 215552K, used 26080K [0x00000000e0000000, 0x00000000f0f00000, 0x0000000100000000)
  eden space 189440K, 0% used [0x00000000e0000000,0x00000000e0000000,0x00000000eb900000)
  from space 26112K, 99% used [0x00000000ef580000,0x00000000f0ef82c0,0x00000000f0f00000)
  to   space 40448K, 0% used [0x00000000ec000000,0x00000000ec000000,0x00000000ee780000)
 ParOldGen       total 137216K, used 107438K [0x00000000a0000000, 0x00000000a8600000, 0x00000000e0000000)
  object space 137216K, 78% used [0x00000000a0000000,0x00000000a68eba90,0x00000000a8600000)
 Metaspace       used 87363K, capacity 94058K, committed 94208K, reserved 1130496K
  class space    used 11446K, capacity 12764K, committed 12800K, reserved 1048576K
}
Event: 3328.536 GC heap before
{Heap before GC invocations=22 (full 3):
 PSYoungGen      total 215552K, used 129975K [0x00000000e0000000, 0x00000000f0f00000, 0x0000000100000000)
  eden space 189440K, 54% used [0x00000000e0000000,0x00000000e6575ac0,0x00000000eb900000)
  from space 26112K, 99% used [0x00000000ef580000,0x00000000f0ef82c0,0x00000000f0f00000)
  to   space 40448K, 0% used [0x00000000ec000000,0x00000000ec000000,0x00000000ee780000)
 ParOldGen       total 137216K, used 107438K [0x00000000a0000000, 0x00000000a8600000, 0x00000000e0000000)
  object space 137216K, 78% used [0x00000000a0000000,0x00000000a68eba90,0x00000000a8600000)
 Metaspace       used 91783K, capacity 98386K, committed 98496K, reserved 1134592K
  class space    used 12016K, capacity 13354K, committed 13440K, reserved 1048576K
Event: 3328.560 GC heap after
Heap after GC invocations=22 (full 3):
 PSYoungGen      total 191488K, used 7923K [0x00000000e0000000, 0x00000000f0000000, 0x0000000100000000)
  eden space 183296K, 0% used [0x00000000e0000000,0x00000000e0000000,0x00000000eb300000)
  from space 8192K, 96% used [0x00000000ec000000,0x00000000ec7bcec0,0x00000000ec800000)
  to   space 39424K, 0% used [0x00000000ed980000,0x00000000ed980000,0x00000000f0000000)
 ParOldGen       total 137216K, used 129341K [0x00000000a0000000, 0x00000000a8600000, 0x00000000e0000000)
  object space 137216K, 94% used [0x00000000a0000000,0x00000000a7e4f6f0,0x00000000a8600000)
 Metaspace       used 91783K, capacity 98386K, committed 98496K, reserved 1134592K
  class space    used 12016K, capacity 13354K, committed 13440K, reserved 1048576K
}
Event: 3328.560 GC heap before
{Heap before GC invocations=23 (full 4):
 PSYoungGen      total 191488K, used 7923K [0x00000000e0000000, 0x00000000f0000000, 0x0000000100000000)
  eden space 183296K, 0% used [0x00000000e0000000,0x00000000e0000000,0x00000000eb300000)
  from space 8192K, 96% used [0x00000000ec000000,0x00000000ec7bcec0,0x00000000ec800000)
  to   space 39424K, 0% used [0x00000000ed980000,0x00000000ed980000,0x00000000f0000000)
 ParOldGen       total 137216K, used 129341K [0x00000000a0000000, 0x00000000a8600000, 0x00000000e0000000)
  object space 137216K, 94% used [0x00000000a0000000,0x00000000a7e4f6f0,0x00000000a8600000)
 Metaspace       used 91783K, capacity 98386K, committed 98496K, reserved 1134592K
  class space    used 12016K, capacity 13354K, committed 13440K, reserved 1048576K
Event: 3329.449 GC heap after
Heap after GC invocations=23 (full 4):
 PSYoungGen      total 191488K, used 0K [0x00000000e0000000, 0x00000000f0000000, 0x0000000100000000)
  eden space 183296K, 0% used [0x00000000e0000000,0x00000000e0000000,0x00000000eb300000)
  from space 8192K, 0% used [0x00000000ec000000,0x00000000ec000000,0x00000000ec800000)
  to   space 39424K, 0% used [0x00000000ed980000,0x00000000ed980000,0x00000000f0000000)
 ParOldGen       total 226816K, used 64566K [0x00000000a0000000, 0x00000000add80000, 0x00000000e0000000)
  object space 226816K, 28% used [0x00000000a0000000,0x00000000a3f0db28,0x00000000add80000)
 Metaspace       used 90607K, capacity 95502K, committed 98496K, reserved 1134592K
  class space    used 11684K, capacity 12776K, committed 13440K, reserved 1048576K
}

