# JRE version: OpenJDK Runtime Environment (8.0_202-b03) (build 1.8.0_202-release-1483-b03)
# Java VM: OpenJDK 64-Bit Server VM (25.202-b03 mixed mode windows-amd64 compressed oops)
Heap:
 PSYoungGen      total 76800K, used 48211K [0x00000000e0000000, 0x00000000e8800000, 0x0000000100000000)
  eden space 66560K, 60% used [0x00000000e0000000,0x00000000e277d988,0x00000000e4100000)
  from space 10240K, 75% used [0x00000000e4100000,0x00000000e4897418,0x00000000e4b00000)
  to   space 10240K, 0% used [0x00000000e7e00000,0x00000000e7e00000,0x00000000e8800000)
 ParOldGen       total 54272K, used 8724K [0x00000000a0000000, 0x00000000a3500000, 0x00000000e0000000)
  object space 54272K, 16% used [0x00000000a0000000,0x00000000a0885118,0x00000000a3500000)
 Metaspace       used 30516K, capacity 31190K, committed 31360K, reserved 1077248K
  class space    used 4254K, capacity 4465K, committed 4480K, reserved 1048576K
GC Heap History (10 events):
Event: 4.399 GC heap before
{Heap before GC invocations=4 (full 0):
 PSYoungGen      total 38400K, used 38390K [0x00000000e0000000, 0x00000000e2a80000, 0x0000000100000000)
  eden space 33280K, 100% used [0x00000000e0000000,0x00000000e2080000,0x00000000e2080000)
  from space 5120K, 99% used [0x00000000e2080000,0x00000000e257da40,0x00000000e2580000)
  to   space 5120K, 0% used [0x00000000e2580000,0x00000000e2580000,0x00000000e2a80000)
 ParOldGen       total 87552K, used 2332K [0x00000000a0000000, 0x00000000a5580000, 0x00000000e0000000)
  object space 87552K, 2% used [0x00000000a0000000,0x00000000a0247068,0x00000000a5580000)
 Metaspace       used 16227K, capacity 16700K, committed 16896K, reserved 1062912K
  class space    used 2305K, capacity 2460K, committed 2560K, reserved 1048576K
Event: 4.408 GC heap after
Heap after GC invocations=4 (full 0):
 PSYoungGen      total 38400K, used 5116K [0x00000000e0000000, 0x00000000e4b00000, 0x0000000100000000)
  eden space 33280K, 0% used [0x00000000e0000000,0x00000000e0000000,0x00000000e2080000)
  from space 5120K, 99% used [0x00000000e2580000,0x00000000e2a7f270,0x00000000e2a80000)
  to   space 5120K, 0% used [0x00000000e2080000,0x00000000e2080000,0x00000000e2580000)
 ParOldGen       total 87552K, used 5873K [0x00000000a0000000, 0x00000000a5580000, 0x00000000e0000000)
  object space 87552K, 6% used [0x00000000a0000000,0x00000000a05bc7e8,0x00000000a5580000)
 Metaspace       used 16227K, capacity 16700K, committed 16896K, reserved 1062912K
  class space    used 2305K, capacity 2460K, committed 2560K, reserved 1048576K
}
Event: 5.766 GC heap before
{Heap before GC invocations=5 (full 0):
 PSYoungGen      total 38400K, used 38396K [0x00000000e0000000, 0x00000000e4b00000, 0x0000000100000000)
  eden space 33280K, 100% used [0x00000000e0000000,0x00000000e2080000,0x00000000e2080000)
  from space 5120K, 99% used [0x00000000e2580000,0x00000000e2a7f270,0x00000000e2a80000)
  to   space 5120K, 0% used [0x00000000e2080000,0x00000000e2080000,0x00000000e2580000)
 ParOldGen       total 87552K, used 5873K [0x00000000a0000000, 0x00000000a5580000, 0x00000000e0000000)
  object space 87552K, 6% used [0x00000000a0000000,0x00000000a05bc7e8,0x00000000a5580000)
 Metaspace       used 19091K, capacity 19670K, committed 19968K, reserved 1067008K
  class space    used 2770K, capacity 2965K, committed 3072K, reserved 1048576K
Event: 5.775 GC heap after
Heap after GC invocations=5 (full 0):
 PSYoungGen      total 38400K, used 5097K [0x00000000e0000000, 0x00000000e5600000, 0x0000000100000000)
  eden space 33280K, 0% used [0x00000000e0000000,0x00000000e0000000,0x00000000e2080000)
  from space 5120K, 99% used [0x00000000e2080000,0x00000000e257a630,0x00000000e2580000)
  to   space 10752K, 0% used [0x00000000e4b80000,0x00000000e4b80000,0x00000000e5600000)
 ParOldGen       total 87552K, used 9411K [0x00000000a0000000, 0x00000000a5580000, 0x00000000e0000000)
  object space 87552K, 10% used [0x00000000a0000000,0x00000000a0930d08,0x00000000a5580000)
 Metaspace       used 19091K, capacity 19670K, committed 19968K, reserved 1067008K
  class space    used 2770K, capacity 2965K, committed 3072K, reserved 1048576K
}
Event: 5.916 GC heap before
{Heap before GC invocations=6 (full 0):
 PSYoungGen      total 38400K, used 16554K [0x00000000e0000000, 0x00000000e5600000, 0x0000000100000000)
  eden space 33280K, 34% used [0x00000000e0000000,0x00000000e0b30248,0x00000000e2080000)
  from space 5120K, 99% used [0x00000000e2080000,0x00000000e257a630,0x00000000e2580000)
  to   space 10752K, 0% used [0x00000000e4b80000,0x00000000e4b80000,0x00000000e5600000)
 ParOldGen       total 87552K, used 9411K [0x00000000a0000000, 0x00000000a5580000, 0x00000000e0000000)
  object space 87552K, 10% used [0x00000000a0000000,0x00000000a0930d08,0x00000000a5580000)
 Metaspace       used 20607K, capacity 21124K, committed 21296K, reserved 1067008K
  class space    used 2954K, capacity 3129K, committed 3200K, reserved 1048576K
Event: 5.922 GC heap after
Heap after GC invocations=6 (full 0):
 PSYoungGen      total 76288K, used 7257K [0x00000000e0000000, 0x00000000e5500000, 0x0000000100000000)
  eden space 66560K, 0% used [0x00000000e0000000,0x00000000e0000000,0x00000000e4100000)
  from space 9728K, 74% used [0x00000000e4b80000,0x00000000e5296488,0x00000000e5500000)
  to   space 10240K, 0% used [0x00000000e4100000,0x00000000e4100000,0x00000000e4b00000)
 ParOldGen       total 87552K, used 9419K [0x00000000a0000000, 0x00000000a5580000, 0x00000000e0000000)
  object space 87552K, 10% used [0x00000000a0000000,0x00000000a0932d08,0x00000000a5580000)
 Metaspace       used 20607K, capacity 21124K, committed 21296K, reserved 1067008K
  class space    used 2954K, capacity 3129K, committed 3200K, reserved 1048576K
}
Event: 5.923 GC heap before
{Heap before GC invocations=7 (full 1):
 PSYoungGen      total 76288K, used 7257K [0x00000000e0000000, 0x00000000e5500000, 0x0000000100000000)
  eden space 66560K, 0% used [0x00000000e0000000,0x00000000e0000000,0x00000000e4100000)
  from space 9728K, 74% used [0x00000000e4b80000,0x00000000e5296488,0x00000000e5500000)
  to   space 10240K, 0% used [0x00000000e4100000,0x00000000e4100000,0x00000000e4b00000)
 ParOldGen       total 87552K, used 9419K [0x00000000a0000000, 0x00000000a5580000, 0x00000000e0000000)
  object space 87552K, 10% used [0x00000000a0000000,0x00000000a0932d08,0x00000000a5580000)
 Metaspace       used 20607K, capacity 21124K, committed 21296K, reserved 1067008K
  class space    used 2954K, capacity 3129K, committed 3200K, reserved 1048576K
Event: 5.952 GC heap after
Heap after GC invocations=7 (full 1):
 PSYoungGen      total 76288K, used 0K [0x00000000e0000000, 0x00000000e5500000, 0x0000000100000000)
  eden space 66560K, 0% used [0x00000000e0000000,0x00000000e0000000,0x00000000e4100000)
  from space 9728K, 0% used [0x00000000e4b80000,0x00000000e4b80000,0x00000000e5500000)
  to   space 10240K, 0% used [0x00000000e4100000,0x00000000e4100000,0x00000000e4b00000)
 ParOldGen       total 54272K, used 8716K [0x00000000a0000000, 0x00000000a3500000, 0x00000000e0000000)
  object space 54272K, 16% used [0x00000000a0000000,0x00000000a0883118,0x00000000a3500000)
 Metaspace       used 20607K, capacity 21124K, committed 21296K, reserved 1067008K
  class space    used 2954K, capacity 3129K, committed 3200K, reserved 1048576K
}
Event: 6.576 GC heap before
{Heap before GC invocations=8 (full 1):
 PSYoungGen      total 76288K, used 66560K [0x00000000e0000000, 0x00000000e5500000, 0x0000000100000000)
  eden space 66560K, 100% used [0x00000000e0000000,0x00000000e4100000,0x00000000e4100000)
  from space 9728K, 0% used [0x00000000e4b80000,0x00000000e4b80000,0x00000000e5500000)
  to   space 10240K, 0% used [0x00000000e4100000,0x00000000e4100000,0x00000000e4b00000)
 ParOldGen       total 54272K, used 8716K [0x00000000a0000000, 0x00000000a3500000, 0x00000000e0000000)
  object space 54272K, 16% used [0x00000000a0000000,0x00000000a0883118,0x00000000a3500000)
 Metaspace       used 28291K, capacity 28844K, committed 29056K, reserved 1075200K
  class space    used 3909K, capacity 4099K, committed 4224K, reserved 1048576K
Event: 6.586 GC heap after
Heap after GC invocations=8 (full 1):
 PSYoungGen      total 76800K, used 7773K [0x00000000e0000000, 0x00000000e8800000, 0x0000000100000000)
  eden space 66560K, 0% used [0x00000000e0000000,0x00000000e0000000,0x00000000e4100000)
  from space 10240K, 75% used [0x00000000e4100000,0x00000000e4897418,0x00000000e4b00000)
  to   space 10240K, 0% used [0x00000000e7e00000,0x00000000e7e00000,0x00000000e8800000)
 ParOldGen       total 54272K, used 8724K [0x00000000a0000000, 0x00000000a3500000, 0x00000000e0000000)
  object space 54272K, 16% used [0x00000000a0000000,0x00000000a0885118,0x00000000a3500000)
 Metaspace       used 28291K, capacity 28844K, committed 29056K, reserved 1075200K
  class space    used 3909K, capacity 4099K, committed 4224K, reserved 1048576K
}

