# JRE version: OpenJDK Runtime Environment (8.0_202-b03) (build 1.8.0_202-release-1483-b03)
# Java VM: OpenJDK 64-Bit Server VM (25.202-b03 mixed mode windows-amd64 compressed oops)
Heap:
 PSYoungGen      total 294400K, used 152812K [0x00000000e0000000, 0x00000000f4b00000, 0x0000000100000000)
  eden space 263168K, 58% used [0x00000000e0000000,0x00000000e953b068,0x00000000f0100000)
  from space 31232K, 0% used [0x00000000f2300000,0x00000000f2300000,0x00000000f4180000)
  to   space 34816K, 0% used [0x00000000f0100000,0x00000000f0100000,0x00000000f2300000)
 ParOldGen       total 173056K, used 44383K [0x00000000a0000000, 0x00000000aa900000, 0x00000000e0000000)
  object space 173056K, 25% used [0x00000000a0000000,0x00000000a2b57ee0,0x00000000aa900000)
 Metaspace       used 92168K, capacity 95708K, committed 98856K, reserved 1134592K
  class space    used 11871K, capacity 12543K, committed 13184K, reserved 1048576K
GC Heap History (10 events):
Event: 1891.969 GC heap before
{Heap before GC invocations=18 (full 3):
 PSYoungGen      total 236032K, used 235579K [0x00000000e0000000, 0x00000000f0100000, 0x0000000100000000)
  eden space 220160K, 100% used [0x00000000e0000000,0x00000000ed700000,0x00000000ed700000)
  from space 15872K, 97% used [0x00000000ef180000,0x00000000f008edf0,0x00000000f0100000)
  to   space 21504K, 0% used [0x00000000ed700000,0x00000000ed700000,0x00000000eec00000)
 ParOldGen       total 124928K, used 31244K [0x00000000a0000000, 0x00000000a7a00000, 0x00000000e0000000)
  object space 124928K, 25% used [0x00000000a0000000,0x00000000a1e83088,0x00000000a7a00000)
 Metaspace       used 77779K, capacity 81936K, committed 82176K, reserved 1120256K
  class space    used 10120K, capacity 10896K, committed 11008K, reserved 1048576K
Event: 1891.999 GC heap after
Heap after GC invocations=18 (full 3):
 PSYoungGen      total 241664K, used 21451K [0x00000000e0000000, 0x00000000f2600000, 0x0000000100000000)
  eden space 220160K, 0% used [0x00000000e0000000,0x00000000e0000000,0x00000000ed700000)
  from space 21504K, 99% used [0x00000000ed700000,0x00000000eebf2e80,0x00000000eec00000)
  to   space 24576K, 0% used [0x00000000f0e00000,0x00000000f0e00000,0x00000000f2600000)
 ParOldGen       total 124928K, used 31252K [0x00000000a0000000, 0x00000000a7a00000, 0x00000000e0000000)
  object space 124928K, 25% used [0x00000000a0000000,0x00000000a1e85088,0x00000000a7a00000)
 Metaspace       used 77779K, capacity 81936K, committed 82176K, reserved 1120256K
  class space    used 10120K, capacity 10896K, committed 11008K, reserved 1048576K
}
Event: 1898.054 GC heap before
{Heap before GC invocations=19 (full 3):
 PSYoungGen      total 241664K, used 241611K [0x00000000e0000000, 0x00000000f2600000, 0x0000000100000000)
  eden space 220160K, 100% used [0x00000000e0000000,0x00000000ed700000,0x00000000ed700000)
  from space 21504K, 99% used [0x00000000ed700000,0x00000000eebf2e80,0x00000000eec00000)
  to   space 24576K, 0% used [0x00000000f0e00000,0x00000000f0e00000,0x00000000f2600000)
 ParOldGen       total 124928K, used 31252K [0x00000000a0000000, 0x00000000a7a00000, 0x00000000e0000000)
  object space 124928K, 25% used [0x00000000a0000000,0x00000000a1e85088,0x00000000a7a00000)
 Metaspace       used 85017K, capacity 89824K, committed 89984K, reserved 1126400K
  class space    used 11175K, capacity 12038K, committed 12160K, reserved 1048576K
Event: 1898.074 GC heap after
Heap after GC invocations=19 (full 3):
 PSYoungGen      total 271872K, used 24067K [0x00000000e0000000, 0x00000000f2880000, 0x0000000100000000)
  eden space 247296K, 0% used [0x00000000e0000000,0x00000000e0000000,0x00000000ef180000)
  from space 24576K, 97% used [0x00000000f0e00000,0x00000000f2580d38,0x00000000f2600000)
  to   space 28160K, 0% used [0x00000000ef180000,0x00000000ef180000,0x00000000f0d00000)
 ParOldGen       total 124928K, used 31268K [0x00000000a0000000, 0x00000000a7a00000, 0x00000000e0000000)
  object space 124928K, 25% used [0x00000000a0000000,0x00000000a1e89088,0x00000000a7a00000)
 Metaspace       used 85017K, capacity 89824K, committed 89984K, reserved 1126400K
  class space    used 11175K, capacity 12038K, committed 12160K, reserved 1048576K
}
Event: 1901.912 GC heap before
{Heap before GC invocations=20 (full 3):
 PSYoungGen      total 271872K, used 271363K [0x00000000e0000000, 0x00000000f2880000, 0x0000000100000000)
  eden space 247296K, 100% used [0x00000000e0000000,0x00000000ef180000,0x00000000ef180000)
  from space 24576K, 97% used [0x00000000f0e00000,0x00000000f2580d38,0x00000000f2600000)
  to   space 28160K, 0% used [0x00000000ef180000,0x00000000ef180000,0x00000000f0d00000)
 ParOldGen       total 124928K, used 31268K [0x00000000a0000000, 0x00000000a7a00000, 0x00000000e0000000)
  object space 124928K, 25% used [0x00000000a0000000,0x00000000a1e89088,0x00000000a7a00000)
 Metaspace       used 90355K, capacity 95188K, committed 95360K, reserved 1132544K
  class space    used 11782K, capacity 12654K, committed 12672K, reserved 1048576K
Event: 1901.944 GC heap after
Heap after GC invocations=20 (full 3):
 PSYoungGen      total 275456K, used 25518K [0x00000000e0000000, 0x00000000f4180000, 0x0000000100000000)
  eden space 247296K, 0% used [0x00000000e0000000,0x00000000e0000000,0x00000000ef180000)
  from space 28160K, 90% used [0x00000000ef180000,0x00000000f0a6b8a0,0x00000000f0d00000)
  to   space 31232K, 0% used [0x00000000f2300000,0x00000000f2300000,0x00000000f4180000)
 ParOldGen       total 124928K, used 31276K [0x00000000a0000000, 0x00000000a7a00000, 0x00000000e0000000)
  object space 124928K, 25% used [0x00000000a0000000,0x00000000a1e8b088,0x00000000a7a00000)
 Metaspace       used 90355K, capacity 95188K, committed 95360K, reserved 1132544K
  class space    used 11782K, capacity 12654K, committed 12672K, reserved 1048576K
}
Event: 1903.175 GC heap before
{Heap before GC invocations=21 (full 3):
 PSYoungGen      total 275456K, used 96762K [0x00000000e0000000, 0x00000000f4180000, 0x0000000100000000)
  eden space 247296K, 28% used [0x00000000e0000000,0x00000000e4593130,0x00000000ef180000)
  from space 28160K, 90% used [0x00000000ef180000,0x00000000f0a6b8a0,0x00000000f0d00000)
  to   space 31232K, 0% used [0x00000000f2300000,0x00000000f2300000,0x00000000f4180000)
 ParOldGen       total 124928K, used 31276K [0x00000000a0000000, 0x00000000a7a00000, 0x00000000e0000000)
  object space 124928K, 25% used [0x00000000a0000000,0x00000000a1e8b088,0x00000000a7a00000)
 Metaspace       used 93235K, capacity 98542K, committed 98600K, reserved 1134592K
  class space    used 12212K, capacity 13155K, committed 13184K, reserved 1048576K
Event: 1903.198 GC heap after
Heap after GC invocations=21 (full 3):
 PSYoungGen      total 294400K, used 27367K [0x00000000e0000000, 0x00000000f4b00000, 0x0000000100000000)
  eden space 263168K, 0% used [0x00000000e0000000,0x00000000e0000000,0x00000000f0100000)
  from space 31232K, 87% used [0x00000000f2300000,0x00000000f3db9d30,0x00000000f4180000)
  to   space 34816K, 0% used [0x00000000f0100000,0x00000000f0100000,0x00000000f2300000)
 ParOldGen       total 124928K, used 31284K [0x00000000a0000000, 0x00000000a7a00000, 0x00000000e0000000)
  object space 124928K, 25% used [0x00000000a0000000,0x00000000a1e8d088,0x00000000a7a00000)
 Metaspace       used 93235K, capacity 98542K, committed 98600K, reserved 1134592K
  class space    used 12212K, capacity 13155K, committed 13184K, reserved 1048576K
}
Event: 1903.198 GC heap before
{Heap before GC invocations=22 (full 4):
 PSYoungGen      total 294400K, used 27367K [0x00000000e0000000, 0x00000000f4b00000, 0x0000000100000000)
  eden space 263168K, 0% used [0x00000000e0000000,0x00000000e0000000,0x00000000f0100000)
  from space 31232K, 87% used [0x00000000f2300000,0x00000000f3db9d30,0x00000000f4180000)
  to   space 34816K, 0% used [0x00000000f0100000,0x00000000f0100000,0x00000000f2300000)
 ParOldGen       total 124928K, used 31284K [0x00000000a0000000, 0x00000000a7a00000, 0x00000000e0000000)
  object space 124928K, 25% used [0x00000000a0000000,0x00000000a1e8d088,0x00000000a7a00000)
 Metaspace       used 93235K, capacity 98542K, committed 98600K, reserved 1134592K
  class space    used 12212K, capacity 13155K, committed 13184K, reserved 1048576K
Event: 1903.442 GC heap after
Heap after GC invocations=22 (full 4):
 PSYoungGen      total 294400K, used 0K [0x00000000e0000000, 0x00000000f4b00000, 0x0000000100000000)
  eden space 263168K, 0% used [0x00000000e0000000,0x00000000e0000000,0x00000000f0100000)
  from space 31232K, 0% used [0x00000000f2300000,0x00000000f2300000,0x00000000f4180000)
  to   space 34816K, 0% used [0x00000000f0100000,0x00000000f0100000,0x00000000f2300000)
 ParOldGen       total 173056K, used 44383K [0x00000000a0000000, 0x00000000aa900000, 0x00000000e0000000)
  object space 173056K, 25% used [0x00000000a0000000,0x00000000a2b57ee0,0x00000000aa900000)
 Metaspace       used 91754K, capacity 95122K, committed 98600K, reserved 1134592K
  class space    used 11834K, capacity 12490K, committed 13184K, reserved 1048576K
}

