# JRE version: OpenJDK Runtime Environment (8.0_202-b03) (build 1.8.0_202-release-1483-b03)
# Java VM: OpenJDK 64-Bit Server VM (25.202-b03 mixed mode windows-amd64 compressed oops)
Heap:
 PSYoungGen      total 427520K, used 252153K [0x00000000e0000000, 0x00000000fcd80000, 0x0000000100000000)
  eden space 393216K, 56% used [0x00000000e0000000,0x00000000ed982dc0,0x00000000f8000000)
  from space 34304K, 85% used [0x00000000fa400000,0x00000000fc0bb940,0x00000000fc580000)
  to   space 36864K, 0% used [0x00000000f8000000,0x00000000f8000000,0x00000000fa400000)
 ParOldGen       total 190464K, used 52712K [0x00000000a0000000, 0x00000000aba00000, 0x00000000e0000000)
  object space 190464K, 27% used [0x00000000a0000000,0x00000000a337a2a0,0x00000000aba00000)
 Metaspace       used 98879K, capacity 102732K, committed 104192K, reserved 1140736K
  class space    used 12437K, capacity 13229K, committed 13568K, reserved 1048576K
GC Heap History (10 events):
Event: 334.790 GC heap before
{Heap before GC invocations=25 (full 4):
 PSYoungGen      total 323584K, used 292352K [0x00000000e0000000, 0x00000000f5980000, 0x0000000100000000)
  eden space 292352K, 100% used [0x00000000e0000000,0x00000000f1d80000,0x00000000f1d80000)
  from space 31232K, 0% used [0x00000000f3a80000,0x00000000f3a80000,0x00000000f5900000)
  to   space 29696K, 0% used [0x00000000f1d80000,0x00000000f1d80000,0x00000000f3a80000)
 ParOldGen       total 190464K, used 52075K [0x00000000a0000000, 0x00000000aba00000, 0x00000000e0000000)
  object space 190464K, 27% used [0x00000000a0000000,0x00000000a32dac48,0x00000000aba00000)
 Metaspace       used 97755K, capacity 101536K, committed 103424K, reserved 1138688K
  class space    used 12345K, capacity 13129K, committed 13568K, reserved 1048576K
Event: 334.858 GC heap after
Heap after GC invocations=25 (full 4):
 PSYoungGen      total 322048K, used 21109K [0x00000000e0000000, 0x00000000f7900000, 0x0000000100000000)
  eden space 292352K, 0% used [0x00000000e0000000,0x00000000e0000000,0x00000000f1d80000)
  from space 29696K, 71% used [0x00000000f1d80000,0x00000000f321d4a8,0x00000000f3a80000)
  to   space 30208K, 0% used [0x00000000f5b80000,0x00000000f5b80000,0x00000000f7900000)
 ParOldGen       total 190464K, used 52083K [0x00000000a0000000, 0x00000000aba00000, 0x00000000e0000000)
  object space 190464K, 27% used [0x00000000a0000000,0x00000000a32dcc48,0x00000000aba00000)
 Metaspace       used 97755K, capacity 101536K, committed 103424K, reserved 1138688K
  class space    used 12345K, capacity 13129K, committed 13568K, reserved 1048576K
}
Event: 335.842 GC heap before
{Heap before GC invocations=26 (full 4):
 PSYoungGen      total 322048K, used 313461K [0x00000000e0000000, 0x00000000f7900000, 0x0000000100000000)
  eden space 292352K, 100% used [0x00000000e0000000,0x00000000f1d80000,0x00000000f1d80000)
  from space 29696K, 71% used [0x00000000f1d80000,0x00000000f321d4a8,0x00000000f3a80000)
  to   space 30208K, 0% used [0x00000000f5b80000,0x00000000f5b80000,0x00000000f7900000)
 ParOldGen       total 190464K, used 52083K [0x00000000a0000000, 0x00000000aba00000, 0x00000000e0000000)
  object space 190464K, 27% used [0x00000000a0000000,0x00000000a32dcc48,0x00000000aba00000)
 Metaspace       used 98055K, capacity 101830K, committed 103680K, reserved 1138688K
  class space    used 12378K, capacity 13134K, committed 13568K, reserved 1048576K
Event: 335.887 GC heap after
Heap after GC invocations=26 (full 4):
 PSYoungGen      total 355840K, used 18578K [0x00000000e0000000, 0x00000000f8e80000, 0x0000000100000000)
  eden space 325632K, 0% used [0x00000000e0000000,0x00000000e0000000,0x00000000f3e00000)
  from space 30208K, 61% used [0x00000000f5b80000,0x00000000f6da49d8,0x00000000f7900000)
  to   space 30208K, 0% used [0x00000000f3e00000,0x00000000f3e00000,0x00000000f5b80000)
 ParOldGen       total 190464K, used 52091K [0x00000000a0000000, 0x00000000aba00000, 0x00000000e0000000)
  object space 190464K, 27% used [0x00000000a0000000,0x00000000a32dec48,0x00000000aba00000)
 Metaspace       used 98055K, capacity 101830K, committed 103680K, reserved 1138688K
  class space    used 12378K, capacity 13134K, committed 13568K, reserved 1048576K
}
Event: 337.262 GC heap before
{Heap before GC invocations=27 (full 4):
 PSYoungGen      total 355840K, used 344210K [0x00000000e0000000, 0x00000000f8e80000, 0x0000000100000000)
  eden space 325632K, 100% used [0x00000000e0000000,0x00000000f3e00000,0x00000000f3e00000)
  from space 30208K, 61% used [0x00000000f5b80000,0x00000000f6da49d8,0x00000000f7900000)
  to   space 30208K, 0% used [0x00000000f3e00000,0x00000000f3e00000,0x00000000f5b80000)
 ParOldGen       total 190464K, used 52091K [0x00000000a0000000, 0x00000000aba00000, 0x00000000e0000000)
  object space 190464K, 27% used [0x00000000a0000000,0x00000000a32dec48,0x00000000aba00000)
 Metaspace       used 98606K, capacity 102472K, committed 104192K, reserved 1140736K
  class space    used 12432K, capacity 13193K, committed 13568K, reserved 1048576K
Event: 337.314 GC heap after
Heap after GC invocations=27 (full 4):
 PSYoungGen      total 355840K, used 30186K [0x00000000e0000000, 0x00000000fc580000, 0x0000000100000000)
  eden space 325632K, 0% used [0x00000000e0000000,0x00000000e0000000,0x00000000f3e00000)
  from space 30208K, 99% used [0x00000000f3e00000,0x00000000f5b7aa38,0x00000000f5b80000)
  to   space 34304K, 0% used [0x00000000fa400000,0x00000000fa400000,0x00000000fc580000)
 ParOldGen       total 190464K, used 52696K [0x00000000a0000000, 0x00000000aba00000, 0x00000000e0000000)
  object space 190464K, 27% used [0x00000000a0000000,0x00000000a33762a0,0x00000000aba00000)
 Metaspace       used 98606K, capacity 102472K, committed 104192K, reserved 1140736K
  class space    used 12432K, capacity 13193K, committed 13568K, reserved 1048576K
}
Event: 338.866 GC heap before
{Heap before GC invocations=28 (full 4):
 PSYoungGen      total 355840K, used 355818K [0x00000000e0000000, 0x00000000fc580000, 0x0000000100000000)
  eden space 325632K, 100% used [0x00000000e0000000,0x00000000f3e00000,0x00000000f3e00000)
  from space 30208K, 99% used [0x00000000f3e00000,0x00000000f5b7aa38,0x00000000f5b80000)
  to   space 34304K, 0% used [0x00000000fa400000,0x00000000fa400000,0x00000000fc580000)
 ParOldGen       total 190464K, used 52696K [0x00000000a0000000, 0x00000000aba00000, 0x00000000e0000000)
  object space 190464K, 27% used [0x00000000a0000000,0x00000000a33762a0,0x00000000aba00000)
 Metaspace       used 98771K, capacity 102642K, committed 104192K, reserved 1140736K
  class space    used 12434K, capacity 13226K, committed 13568K, reserved 1048576K
Event: 338.914 GC heap after
Heap after GC invocations=28 (full 4):
 PSYoungGen      total 427520K, used 28695K [0x00000000e0000000, 0x00000000fcd80000, 0x0000000100000000)
  eden space 393216K, 0% used [0x00000000e0000000,0x00000000e0000000,0x00000000f8000000)
  from space 34304K, 83% used [0x00000000fa400000,0x00000000fc005f38,0x00000000fc580000)
  to   space 36864K, 0% used [0x00000000f8000000,0x00000000f8000000,0x00000000fa400000)
 ParOldGen       total 190464K, used 52704K [0x00000000a0000000, 0x00000000aba00000, 0x00000000e0000000)
  object space 190464K, 27% used [0x00000000a0000000,0x00000000a33782a0,0x00000000aba00000)
 Metaspace       used 98771K, capacity 102642K, committed 104192K, reserved 1140736K
  class space    used 12434K, capacity 13226K, committed 13568K, reserved 1048576K
}
Event: 343.040 GC heap before
{Heap before GC invocations=29 (full 4):
 PSYoungGen      total 427520K, used 421911K [0x00000000e0000000, 0x00000000fcd80000, 0x0000000100000000)
  eden space 393216K, 100% used [0x00000000e0000000,0x00000000f8000000,0x00000000f8000000)
  from space 34304K, 83% used [0x00000000fa400000,0x00000000fc005f38,0x00000000fc580000)
  to   space 36864K, 0% used [0x00000000f8000000,0x00000000f8000000,0x00000000fa400000)
 ParOldGen       total 190464K, used 52704K [0x00000000a0000000, 0x00000000aba00000, 0x00000000e0000000)
  object space 190464K, 27% used [0x00000000a0000000,0x00000000a33782a0,0x00000000aba00000)
 Metaspace       used 98823K, capacity 102732K, committed 104192K, reserved 1140736K
  class space    used 12436K, capacity 13229K, committed 13568K, reserved 1048576K
Event: 343.104 GC heap after
Heap after GC invocations=29 (full 4):
 PSYoungGen      total 430080K, used 28180K [0x00000000e0000000, 0x00000000fcd80000, 0x0000000100000000)
  eden space 393216K, 0% used [0x00000000e0000000,0x00000000e0000000,0x00000000f8000000)
  from space 36864K, 76% used [0x00000000f8000000,0x00000000f9b85190,0x00000000fa400000)
  to   space 34304K, 0% used [0x00000000fa400000,0x00000000fa400000,0x00000000fc580000)
 ParOldGen       total 190464K, used 52704K [0x00000000a0000000, 0x00000000aba00000, 0x00000000e0000000)
  object space 190464K, 27% used [0x00000000a0000000,0x00000000a33782a0,0x00000000aba00000)
 Metaspace       used 98823K, capacity 102732K, committed 104192K, reserved 1140736K
  class space    used 12436K, capacity 13229K, committed 13568K, reserved 1048576K
}

