# JRE version: OpenJDK Runtime Environment (8.0_202-b03) (build 1.8.0_202-release-1483-b03)
# Java VM: OpenJDK 64-Bit Server VM (25.202-b03 mixed mode windows-amd64 compressed oops)
Heap:
 PSYoungGen      total 155648K, used 136236K [0x00000000e0000000, 0x00000000eb000000, 0x0000000100000000)
  eden space 135680K, 97% used [0x00000000e0000000,0x00000000e808f778,0x00000000e8480000)
  from space 19968K, 22% used [0x00000000e9800000,0x00000000e9c7bac0,0x00000000eab80000)
  to   space 19968K, 0% used [0x00000000e8480000,0x00000000e8480000,0x00000000e9800000)
 ParOldGen       total 135168K, used 55905K [0x00000000a0000000, 0x00000000a8400000, 0x00000000e0000000)
  object space 135168K, 41% used [0x00000000a0000000,0x00000000a3698660,0x00000000a8400000)
 Metaspace       used 70455K, capacity 73990K, committed 74136K, reserved 1114112K
  class space    used 9625K, capacity 10298K, committed 10392K, reserved 1048576K
GC Heap History (10 events):
Event: 23.661 GC heap before
{Heap before GC invocations=15 (full 2):
 PSYoungGen      total 115712K, used 92739K [0x00000000e0000000, 0x00000000e7e80000, 0x0000000100000000)
  eden space 103936K, 79% used [0x00000000e0000000,0x00000000e50cc750,0x00000000e6580000)
  from space 11776K, 84% used [0x00000000e7200000,0x00000000e7bc46f8,0x00000000e7d80000)
  to   space 12800K, 0% used [0x00000000e6580000,0x00000000e6580000,0x00000000e7200000)
 ParOldGen       total 89088K, used 25059K [0x00000000a0000000, 0x00000000a5700000, 0x00000000e0000000)
  object space 89088K, 28% used [0x00000000a0000000,0x00000000a1878fa0,0x00000000a5700000)
 Metaspace       used 57337K, capacity 58994K, committed 59160K, reserved 1099776K
  class space    used 7796K, capacity 8194K, committed 8216K, reserved 1048576K
Event: 23.690 GC heap after
Heap after GC invocations=15 (full 2):
 PSYoungGen      total 116736K, used 12768K [0x00000000e0000000, 0x00000000e9580000, 0x0000000100000000)
  eden space 103936K, 0% used [0x00000000e0000000,0x00000000e0000000,0x00000000e6580000)
  from space 12800K, 99% used [0x00000000e6580000,0x00000000e71f83b8,0x00000000e7200000)
  to   space 14336K, 0% used [0x00000000e8780000,0x00000000e8780000,0x00000000e9580000)
 ParOldGen       total 89088K, used 25355K [0x00000000a0000000, 0x00000000a5700000, 0x00000000e0000000)
  object space 89088K, 28% used [0x00000000a0000000,0x00000000a18c2c50,0x00000000a5700000)
 Metaspace       used 57337K, capacity 58994K, committed 59160K, reserved 1099776K
  class space    used 7796K, capacity 8194K, committed 8216K, reserved 1048576K
}
Event: 23.691 GC heap before
{Heap before GC invocations=16 (full 3):
 PSYoungGen      total 116736K, used 12768K [0x00000000e0000000, 0x00000000e9580000, 0x0000000100000000)
  eden space 103936K, 0% used [0x00000000e0000000,0x00000000e0000000,0x00000000e6580000)
  from space 12800K, 99% used [0x00000000e6580000,0x00000000e71f83b8,0x00000000e7200000)
  to   space 14336K, 0% used [0x00000000e8780000,0x00000000e8780000,0x00000000e9580000)
 ParOldGen       total 89088K, used 25355K [0x00000000a0000000, 0x00000000a5700000, 0x00000000e0000000)
  object space 89088K, 28% used [0x00000000a0000000,0x00000000a18c2c50,0x00000000a5700000)
 Metaspace       used 57337K, capacity 58994K, committed 59160K, reserved 1099776K
  class space    used 7796K, capacity 8194K, committed 8216K, reserved 1048576K
Event: 24.159 GC heap after
Heap after GC invocations=16 (full 3):
 PSYoungGen      total 116736K, used 0K [0x00000000e0000000, 0x00000000e9580000, 0x0000000100000000)
  eden space 103936K, 0% used [0x00000000e0000000,0x00000000e0000000,0x00000000e6580000)
  from space 12800K, 0% used [0x00000000e6580000,0x00000000e6580000,0x00000000e7200000)
  to   space 14336K, 0% used [0x00000000e8780000,0x00000000e8780000,0x00000000e9580000)
 ParOldGen       total 135168K, used 32255K [0x00000000a0000000, 0x00000000a8400000, 0x00000000e0000000)
  object space 135168K, 23% used [0x00000000a0000000,0x00000000a1f7fed0,0x00000000a8400000)
 Metaspace       used 57337K, capacity 58994K, committed 59160K, reserved 1099776K
  class space    used 7796K, capacity 8194K, committed 8216K, reserved 1048576K
}
Event: 27.395 GC heap before
{Heap before GC invocations=17 (full 3):
 PSYoungGen      total 116736K, used 103936K [0x00000000e0000000, 0x00000000e9580000, 0x0000000100000000)
  eden space 103936K, 100% used [0x00000000e0000000,0x00000000e6580000,0x00000000e6580000)
  from space 12800K, 0% used [0x00000000e6580000,0x00000000e6580000,0x00000000e7200000)
  to   space 14336K, 0% used [0x00000000e8780000,0x00000000e8780000,0x00000000e9580000)
 ParOldGen       total 135168K, used 32255K [0x00000000a0000000, 0x00000000a8400000, 0x00000000e0000000)
  object space 135168K, 23% used [0x00000000a0000000,0x00000000a1f7fed0,0x00000000a8400000)
 Metaspace       used 59875K, capacity 62038K, committed 62104K, reserved 1103872K
  class space    used 8158K, capacity 8594K, committed 8600K, reserved 1048576K
Event: 27.408 GC heap after
Heap after GC invocations=17 (full 3):
 PSYoungGen      total 126464K, used 8679K [0x00000000e0000000, 0x00000000e9000000, 0x0000000100000000)
  eden space 117760K, 0% used [0x00000000e0000000,0x00000000e0000000,0x00000000e7300000)
  from space 8704K, 99% used [0x00000000e8780000,0x00000000e8ff9c18,0x00000000e9000000)
  to   space 13824K, 0% used [0x00000000e7500000,0x00000000e7500000,0x00000000e8280000)
 ParOldGen       total 135168K, used 32263K [0x00000000a0000000, 0x00000000a8400000, 0x00000000e0000000)
  object space 135168K, 23% used [0x00000000a0000000,0x00000000a1f81ed0,0x00000000a8400000)
 Metaspace       used 59875K, capacity 62038K, committed 62104K, reserved 1103872K
  class space    used 8158K, capacity 8594K, committed 8600K, reserved 1048576K
}
Event: 29.542 GC heap before
{Heap before GC invocations=18 (full 3):
 PSYoungGen      total 126464K, used 126439K [0x00000000e0000000, 0x00000000e9000000, 0x0000000100000000)
  eden space 117760K, 100% used [0x00000000e0000000,0x00000000e7300000,0x00000000e7300000)
  from space 8704K, 99% used [0x00000000e8780000,0x00000000e8ff9c18,0x00000000e9000000)
  to   space 13824K, 0% used [0x00000000e7500000,0x00000000e7500000,0x00000000e8280000)
 ParOldGen       total 135168K, used 32263K [0x00000000a0000000, 0x00000000a8400000, 0x00000000e0000000)
  object space 135168K, 23% used [0x00000000a0000000,0x00000000a1f81ed0,0x00000000a8400000)
 Metaspace       used 65499K, capacity 68238K, committed 68504K, reserved 1107968K
  class space    used 8961K, capacity 9518K, committed 9624K, reserved 1048576K
Event: 29.582 GC heap after
Heap after GC invocations=18 (full 3):
 PSYoungGen      total 133632K, used 13808K [0x00000000e0000000, 0x00000000eab80000, 0x0000000100000000)
  eden space 119808K, 0% used [0x00000000e0000000,0x00000000e0000000,0x00000000e7500000)
  from space 13824K, 99% used [0x00000000e7500000,0x00000000e827c048,0x00000000e8280000)
  to   space 19968K, 0% used [0x00000000e9800000,0x00000000e9800000,0x00000000eab80000)
 ParOldGen       total 135168K, used 44414K [0x00000000a0000000, 0x00000000a8400000, 0x00000000e0000000)
  object space 135168K, 32% used [0x00000000a0000000,0x00000000a2b5fa30,0x00000000a8400000)
 Metaspace       used 65499K, capacity 68238K, committed 68504K, reserved 1107968K
  class space    used 8961K, capacity 9518K, committed 9624K, reserved 1048576K
}
Event: 31.554 GC heap before
{Heap before GC invocations=19 (full 3):
 PSYoungGen      total 133632K, used 133612K [0x00000000e0000000, 0x00000000eab80000, 0x0000000100000000)
  eden space 119808K, 99% used [0x00000000e0000000,0x00000000e74ff2e0,0x00000000e7500000)
  from space 13824K, 99% used [0x00000000e7500000,0x00000000e827c048,0x00000000e8280000)
  to   space 19968K, 0% used [0x00000000e9800000,0x00000000e9800000,0x00000000eab80000)
 ParOldGen       total 135168K, used 44414K [0x00000000a0000000, 0x00000000a8400000, 0x00000000e0000000)
  object space 135168K, 32% used [0x00000000a0000000,0x00000000a2b5fa30,0x00000000a8400000)
 Metaspace       used 69565K, capacity 72992K, committed 73240K, reserved 1112064K
  class space    used 9573K, capacity 10223K, committed 10264K, reserved 1048576K
Event: 31.595 GC heap after
Heap after GC invocations=19 (full 3):
 PSYoungGen      total 155648K, used 4590K [0x00000000e0000000, 0x00000000eb000000, 0x0000000100000000)
  eden space 135680K, 0% used [0x00000000e0000000,0x00000000e0000000,0x00000000e8480000)
  from space 19968K, 22% used [0x00000000e9800000,0x00000000e9c7bac0,0x00000000eab80000)
  to   space 19968K, 0% used [0x00000000e8480000,0x00000000e8480000,0x00000000e9800000)
 ParOldGen       total 135168K, used 55905K [0x00000000a0000000, 0x00000000a8400000, 0x00000000e0000000)
  object space 135168K, 41% used [0x00000000a0000000,0x00000000a3698660,0x00000000a8400000)
 Metaspace       used 69565K, capacity 72992K, committed 73240K, reserved 1112064K
  class space    used 9573K, capacity 10223K, committed 10264K, reserved 1048576K
}

