# JRE version: OpenJDK Runtime Environment (8.0_212-b04) (build 1.8.0_212-release-1586-b04)
# Java VM: OpenJDK 64-Bit Server VM (25.212-b04 mixed mode windows-amd64 compressed oops)
Heap:
 PSYoungGen      total 257024K, used 72224K [0x00000000e0000000, 0x00000000f2200000, 0x0000000100000000)
  eden space 234496K, 21% used [0x00000000e0000000,0x00000000e308deb8,0x00000000ee500000)
  from space 22528K, 99% used [0x00000000eed80000,0x00000000f037a298,0x00000000f0380000)
  to   space 31232K, 0% used [0x00000000f0380000,0x00000000f0380000,0x00000000f2200000)
 ParOldGen       total 126464K, used 66601K [0x00000000a0000000, 0x00000000a7b80000, 0x00000000e0000000)
  object space 126464K, 52% used [0x00000000a0000000,0x00000000a410a570,0x00000000a7b80000)
 Metaspace       used 82307K, capacity 87550K, committed 87680K, reserved 1124352K
  class space    used 10796K, capacity 11883K, committed 11904K, reserved 1048576K
GC Heap History (10 events):
Event: 16.314 GC heap before
{Heap before GC invocations=14 (full 2):
 PSYoungGen      total 174592K, used 55027K [0x00000000e0000000, 0x00000000ee180000, 0x0000000100000000)
  eden space 161792K, 26% used [0x00000000e0000000,0x00000000e2941b58,0x00000000e9e00000)
  from space 12800K, 99% used [0x00000000e9e00000,0x00000000eaa7b100,0x00000000eaa80000)
  to   space 18432K, 0% used [0x00000000ecf80000,0x00000000ecf80000,0x00000000ee180000)
 ParOldGen       total 79360K, used 27159K [0x00000000a0000000, 0x00000000a4d80000, 0x00000000e0000000)
  object space 79360K, 34% used [0x00000000a0000000,0x00000000a1a85f50,0x00000000a4d80000)
 Metaspace       used 56603K, capacity 59104K, committed 59136K, reserved 1099776K
  class space    used 7586K, capacity 8186K, committed 8192K, reserved 1048576K
Event: 16.328 GC heap after
Heap after GC invocations=14 (full 2):
 PSYoungGen      total 212992K, used 7433K [0x00000000e0000000, 0x00000000ef480000, 0x0000000100000000)
  eden space 194560K, 0% used [0x00000000e0000000,0x00000000e0000000,0x00000000ebe00000)
  from space 18432K, 40% used [0x00000000ecf80000,0x00000000ed6c2630,0x00000000ee180000)
  to   space 17920K, 0% used [0x00000000ebe00000,0x00000000ebe00000,0x00000000ecf80000)
 ParOldGen       total 79360K, used 36231K [0x00000000a0000000, 0x00000000a4d80000, 0x00000000e0000000)
  object space 79360K, 45% used [0x00000000a0000000,0x00000000a2361fb8,0x00000000a4d80000)
 Metaspace       used 56603K, capacity 59104K, committed 59136K, reserved 1099776K
  class space    used 7586K, capacity 8186K, committed 8192K, reserved 1048576K
}
Event: 16.328 GC heap before
{Heap before GC invocations=15 (full 3):
 PSYoungGen      total 212992K, used 7433K [0x00000000e0000000, 0x00000000ef480000, 0x0000000100000000)
  eden space 194560K, 0% used [0x00000000e0000000,0x00000000e0000000,0x00000000ebe00000)
  from space 18432K, 40% used [0x00000000ecf80000,0x00000000ed6c2630,0x00000000ee180000)
  to   space 17920K, 0% used [0x00000000ebe00000,0x00000000ebe00000,0x00000000ecf80000)
 ParOldGen       total 79360K, used 36231K [0x00000000a0000000, 0x00000000a4d80000, 0x00000000e0000000)
  object space 79360K, 45% used [0x00000000a0000000,0x00000000a2361fb8,0x00000000a4d80000)
 Metaspace       used 56603K, capacity 59104K, committed 59136K, reserved 1099776K
  class space    used 7586K, capacity 8186K, committed 8192K, reserved 1048576K
Event: 16.559 GC heap after
Heap after GC invocations=15 (full 3):
 PSYoungGen      total 212992K, used 0K [0x00000000e0000000, 0x00000000ef480000, 0x0000000100000000)
  eden space 194560K, 0% used [0x00000000e0000000,0x00000000e0000000,0x00000000ebe00000)
  from space 18432K, 0% used [0x00000000ecf80000,0x00000000ecf80000,0x00000000ee180000)
  to   space 17920K, 0% used [0x00000000ebe00000,0x00000000ebe00000,0x00000000ecf80000)
 ParOldGen       total 126464K, used 35547K [0x00000000a0000000, 0x00000000a7b80000, 0x00000000e0000000)
  object space 126464K, 28% used [0x00000000a0000000,0x00000000a22b6e40,0x00000000a7b80000)
 Metaspace       used 56531K, capacity 58866K, committed 59136K, reserved 1099776K
  class space    used 7565K, capacity 8152K, committed 8192K, reserved 1048576K
}
Event: 18.845 GC heap before
{Heap before GC invocations=16 (full 3):
 PSYoungGen      total 212992K, used 194560K [0x00000000e0000000, 0x00000000ef480000, 0x0000000100000000)
  eden space 194560K, 100% used [0x00000000e0000000,0x00000000ebe00000,0x00000000ebe00000)
  from space 18432K, 0% used [0x00000000ecf80000,0x00000000ecf80000,0x00000000ee180000)
  to   space 17920K, 0% used [0x00000000ebe00000,0x00000000ebe00000,0x00000000ecf80000)
 ParOldGen       total 126464K, used 35547K [0x00000000a0000000, 0x00000000a7b80000, 0x00000000e0000000)
  object space 126464K, 28% used [0x00000000a0000000,0x00000000a22b6e40,0x00000000a7b80000)
 Metaspace       used 64796K, capacity 67884K, committed 67968K, reserved 1107968K
  class space    used 8826K, capacity 9517K, committed 9600K, reserved 1048576K
Event: 18.890 GC heap after
Heap after GC invocations=16 (full 3):
 PSYoungGen      total 212480K, used 17898K [0x00000000e0000000, 0x00000000f1980000, 0x0000000100000000)
  eden space 194560K, 0% used [0x00000000e0000000,0x00000000e0000000,0x00000000ebe00000)
  from space 17920K, 99% used [0x00000000ebe00000,0x00000000ecf7a920,0x00000000ecf80000)
  to   space 20992K, 0% used [0x00000000f0500000,0x00000000f0500000,0x00000000f1980000)
 ParOldGen       total 126464K, used 36967K [0x00000000a0000000, 0x00000000a7b80000, 0x00000000e0000000)
  object space 126464K, 29% used [0x00000000a0000000,0x00000000a2419d58,0x00000000a7b80000)
 Metaspace       used 64796K, capacity 67884K, committed 67968K, reserved 1107968K
  class space    used 8826K, capacity 9517K, committed 9600K, reserved 1048576K
}
Event: 21.562 GC heap before
{Heap before GC invocations=17 (full 3):
 PSYoungGen      total 212480K, used 212458K [0x00000000e0000000, 0x00000000f1980000, 0x0000000100000000)
  eden space 194560K, 100% used [0x00000000e0000000,0x00000000ebe00000,0x00000000ebe00000)
  from space 17920K, 99% used [0x00000000ebe00000,0x00000000ecf7a920,0x00000000ecf80000)
  to   space 20992K, 0% used [0x00000000f0500000,0x00000000f0500000,0x00000000f1980000)
 ParOldGen       total 126464K, used 36967K [0x00000000a0000000, 0x00000000a7b80000, 0x00000000e0000000)
  object space 126464K, 29% used [0x00000000a0000000,0x00000000a2419d58,0x00000000a7b80000)
 Metaspace       used 72441K, capacity 76934K, committed 77056K, reserved 1116160K
  class space    used 9823K, capacity 10735K, committed 10752K, reserved 1048576K
Event: 21.586 GC heap after
Heap after GC invocations=17 (full 3):
 PSYoungGen      total 264192K, used 17264K [0x00000000e0000000, 0x00000000f1980000, 0x0000000100000000)
  eden space 243200K, 0% used [0x00000000e0000000,0x00000000e0000000,0x00000000eed80000)
  from space 20992K, 82% used [0x00000000f0500000,0x00000000f15dc3a0,0x00000000f1980000)
  to   space 22528K, 0% used [0x00000000eed80000,0x00000000eed80000,0x00000000f0380000)
 ParOldGen       total 126464K, used 51223K [0x00000000a0000000, 0x00000000a7b80000, 0x00000000e0000000)
  object space 126464K, 40% used [0x00000000a0000000,0x00000000a3205e18,0x00000000a7b80000)
 Metaspace       used 72441K, capacity 76934K, committed 77056K, reserved 1116160K
  class space    used 9823K, capacity 10735K, committed 10752K, reserved 1048576K
}
Event: 3243.038 GC heap before
{Heap before GC invocations=18 (full 3):
 PSYoungGen      total 264192K, used 260464K [0x00000000e0000000, 0x00000000f1980000, 0x0000000100000000)
  eden space 243200K, 100% used [0x00000000e0000000,0x00000000eed80000,0x00000000eed80000)
  from space 20992K, 82% used [0x00000000f0500000,0x00000000f15dc3a0,0x00000000f1980000)
  to   space 22528K, 0% used [0x00000000eed80000,0x00000000eed80000,0x00000000f0380000)
 ParOldGen       total 126464K, used 51223K [0x00000000a0000000, 0x00000000a7b80000, 0x00000000e0000000)
  object space 126464K, 40% used [0x00000000a0000000,0x00000000a3205e18,0x00000000a7b80000)
 Metaspace       used 79576K, capacity 84748K, committed 84864K, reserved 1122304K
  class space    used 10520K, capacity 11596K, committed 11648K, reserved 1048576K
Event: 3243.158 GC heap after
Heap after GC invocations=18 (full 3):
 PSYoungGen      total 257024K, used 22504K [0x00000000e0000000, 0x00000000f2200000, 0x0000000100000000)
  eden space 234496K, 0% used [0x00000000e0000000,0x00000000e0000000,0x00000000ee500000)
  from space 22528K, 99% used [0x00000000eed80000,0x00000000f037a298,0x00000000f0380000)
  to   space 31232K, 0% used [0x00000000f0380000,0x00000000f0380000,0x00000000f2200000)
 ParOldGen       total 126464K, used 66601K [0x00000000a0000000, 0x00000000a7b80000, 0x00000000e0000000)
  object space 126464K, 52% used [0x00000000a0000000,0x00000000a410a570,0x00000000a7b80000)
 Metaspace       used 79576K, capacity 84748K, committed 84864K, reserved 1122304K
  class space    used 10520K, capacity 11596K, committed 11648K, reserved 1048576K
}

