# JRE version: OpenJDK Runtime Environment (8.0_212-b04) (build 1.8.0_212-release-1586-b04)
# Java VM: OpenJDK 64-Bit Server VM (25.212-b04 mixed mode windows-amd64 compressed oops)
Heap:
 PSYoungGen      total 219648K, used 8123K [0x00000000e0000000, 0x00000000f2100000, 0x0000000100000000)
  eden space 202752K, 4% used [0x00000000e0000000,0x00000000e07eeeb0,0x00000000ec600000)
  from space 16896K, 0% used [0x00000000f1080000,0x00000000f1080000,0x00000000f2100000)
  to   space 27648K, 0% used [0x00000000eeb00000,0x00000000eeb00000,0x00000000f0600000)
 ParOldGen       total 137728K, used 52420K [0x00000000a0000000, 0x00000000a8680000, 0x00000000e0000000)
  object space 137728K, 38% used [0x00000000a0000000,0x00000000a3331380,0x00000000a8680000)
 Metaspace       used 91352K, capacity 95378K, committed 99112K, reserved 1134592K
  class space    used 11760K, capacity 12583K, committed 13440K, reserved 1048576K
GC Heap History (10 events):
Event: 263.002 GC heap before
{Heap before GC invocations=18 (full 3):
 PSYoungGen      total 245248K, used 241118K [0x00000000e0000000, 0x00000000f0580000, 0x0000000100000000)
  eden space 225280K, 100% used [0x00000000e0000000,0x00000000edc00000,0x00000000edc00000)
  from space 19968K, 79% used [0x00000000ef080000,0x00000000efff7aa8,0x00000000f0400000)
  to   space 20992K, 0% used [0x00000000edc00000,0x00000000edc00000,0x00000000ef080000)
 ParOldGen       total 137728K, used 53411K [0x00000000a0000000, 0x00000000a8680000, 0x00000000e0000000)
  object space 137728K, 38% used [0x00000000a0000000,0x00000000a3428f90,0x00000000a8680000)
 Metaspace       used 77357K, capacity 82766K, committed 82816K, reserved 1120256K
  class space    used 10277K, capacity 11361K, committed 11392K, reserved 1048576K
Event: 263.029 GC heap after
Heap after GC invocations=18 (full 3):
 PSYoungGen      total 246272K, used 20977K [0x00000000e0000000, 0x00000000f3980000, 0x0000000100000000)
  eden space 225280K, 0% used [0x00000000e0000000,0x00000000e0000000,0x00000000edc00000)
  from space 20992K, 99% used [0x00000000edc00000,0x00000000ef07c4e0,0x00000000ef080000)
  to   space 25600K, 0% used [0x00000000f2080000,0x00000000f2080000,0x00000000f3980000)
 ParOldGen       total 137728K, used 57765K [0x00000000a0000000, 0x00000000a8680000, 0x00000000e0000000)
  object space 137728K, 41% used [0x00000000a0000000,0x00000000a38697a8,0x00000000a8680000)
 Metaspace       used 77357K, capacity 82766K, committed 82816K, reserved 1120256K
  class space    used 10277K, capacity 11361K, committed 11392K, reserved 1048576K
}
Event: 2500.116 GC heap before
{Heap before GC invocations=19 (full 3):
 PSYoungGen      total 246272K, used 246257K [0x00000000e0000000, 0x00000000f3980000, 0x0000000100000000)
  eden space 225280K, 100% used [0x00000000e0000000,0x00000000edc00000,0x00000000edc00000)
  from space 20992K, 99% used [0x00000000edc00000,0x00000000ef07c4e0,0x00000000ef080000)
  to   space 25600K, 0% used [0x00000000f2080000,0x00000000f2080000,0x00000000f3980000)
 ParOldGen       total 137728K, used 57765K [0x00000000a0000000, 0x00000000a8680000, 0x00000000e0000000)
  object space 137728K, 41% used [0x00000000a0000000,0x00000000a38697a8,0x00000000a8680000)
 Metaspace       used 80525K, capacity 86532K, committed 86784K, reserved 1124352K
  class space    used 10677K, capacity 11922K, committed 12032K, reserved 1048576K
Event: 2500.147 GC heap after
Heap after GC invocations=19 (full 3):
 PSYoungGen      total 229888K, used 11971K [0x00000000e0000000, 0x00000000f2c80000, 0x0000000100000000)
  eden space 217600K, 0% used [0x00000000e0000000,0x00000000e0000000,0x00000000ed480000)
  from space 12288K, 97% used [0x00000000f2080000,0x00000000f2c30f70,0x00000000f2c80000)
  to   space 24064K, 0% used [0x00000000efd80000,0x00000000efd80000,0x00000000f1500000)
 ParOldGen       total 137728K, used 78104K [0x00000000a0000000, 0x00000000a8680000, 0x00000000e0000000)
  object space 137728K, 56% used [0x00000000a0000000,0x00000000a4c460c8,0x00000000a8680000)
 Metaspace       used 80525K, capacity 86532K, committed 86784K, reserved 1124352K
  class space    used 10677K, capacity 11922K, committed 12032K, reserved 1048576K
}
Event: 2507.563 GC heap before
{Heap before GC invocations=20 (full 3):
 PSYoungGen      total 229888K, used 229571K [0x00000000e0000000, 0x00000000f2c80000, 0x0000000100000000)
  eden space 217600K, 100% used [0x00000000e0000000,0x00000000ed480000,0x00000000ed480000)
  from space 12288K, 97% used [0x00000000f2080000,0x00000000f2c30f70,0x00000000f2c80000)
  to   space 24064K, 0% used [0x00000000efd80000,0x00000000efd80000,0x00000000f1500000)
 ParOldGen       total 137728K, used 78104K [0x00000000a0000000, 0x00000000a8680000, 0x00000000e0000000)
  object space 137728K, 56% used [0x00000000a0000000,0x00000000a4c460c8,0x00000000a8680000)
 Metaspace       used 85686K, capacity 91840K, committed 92160K, reserved 1128448K
  class space    used 11201K, capacity 12448K, committed 12544K, reserved 1048576K
Event: 2507.584 GC heap after
Heap after GC invocations=20 (full 3):
 PSYoungGen      total 229376K, used 19137K [0x00000000e0000000, 0x00000000f2100000, 0x0000000100000000)
  eden space 209920K, 0% used [0x00000000e0000000,0x00000000e0000000,0x00000000ecd00000)
  from space 19456K, 98% used [0x00000000efd80000,0x00000000f10305f8,0x00000000f1080000)
  to   space 16896K, 0% used [0x00000000f1080000,0x00000000f1080000,0x00000000f2100000)
 ParOldGen       total 137728K, used 78112K [0x00000000a0000000, 0x00000000a8680000, 0x00000000e0000000)
  object space 137728K, 56% used [0x00000000a0000000,0x00000000a4c480c8,0x00000000a8680000)
 Metaspace       used 85686K, capacity 91840K, committed 92160K, reserved 1128448K
  class space    used 11201K, capacity 12448K, committed 12544K, reserved 1048576K
}
Event: 2509.239 GC heap before
{Heap before GC invocations=21 (full 3):
 PSYoungGen      total 229376K, used 174845K [0x00000000e0000000, 0x00000000f2100000, 0x0000000100000000)
  eden space 209920K, 74% used [0x00000000e0000000,0x00000000e980f1e8,0x00000000ecd00000)
  from space 19456K, 98% used [0x00000000efd80000,0x00000000f10305f8,0x00000000f1080000)
  to   space 16896K, 0% used [0x00000000f1080000,0x00000000f1080000,0x00000000f2100000)
 ParOldGen       total 137728K, used 78112K [0x00000000a0000000, 0x00000000a8680000, 0x00000000e0000000)
  object space 137728K, 56% used [0x00000000a0000000,0x00000000a4c480c8,0x00000000a8680000)
 Metaspace       used 92199K, capacity 98544K, committed 98600K, reserved 1134592K
  class space    used 12066K, capacity 13386K, committed 13440K, reserved 1048576K
Event: 2509.270 GC heap after
Heap after GC invocations=21 (full 3):
 PSYoungGen      total 219648K, used 16881K [0x00000000e0000000, 0x00000000f2100000, 0x0000000100000000)
  eden space 202752K, 0% used [0x00000000e0000000,0x00000000e0000000,0x00000000ec600000)
  from space 16896K, 99% used [0x00000000f1080000,0x00000000f20fc418,0x00000000f2100000)
  to   space 27648K, 0% used [0x00000000eeb00000,0x00000000eeb00000,0x00000000f0600000)
 ParOldGen       total 137728K, used 83555K [0x00000000a0000000, 0x00000000a8680000, 0x00000000e0000000)
  object space 137728K, 60% used [0x00000000a0000000,0x00000000a5198d80,0x00000000a8680000)
 Metaspace       used 92199K, capacity 98544K, committed 98600K, reserved 1134592K
  class space    used 12066K, capacity 13386K, committed 13440K, reserved 1048576K
}
Event: 2509.270 GC heap before
{Heap before GC invocations=22 (full 4):
 PSYoungGen      total 219648K, used 16881K [0x00000000e0000000, 0x00000000f2100000, 0x0000000100000000)
  eden space 202752K, 0% used [0x00000000e0000000,0x00000000e0000000,0x00000000ec600000)
  from space 16896K, 99% used [0x00000000f1080000,0x00000000f20fc418,0x00000000f2100000)
  to   space 27648K, 0% used [0x00000000eeb00000,0x00000000eeb00000,0x00000000f0600000)
 ParOldGen       total 137728K, used 83555K [0x00000000a0000000, 0x00000000a8680000, 0x00000000e0000000)
  object space 137728K, 60% used [0x00000000a0000000,0x00000000a5198d80,0x00000000a8680000)
 Metaspace       used 92199K, capacity 98544K, committed 98600K, reserved 1134592K
  class space    used 12066K, capacity 13386K, committed 13440K, reserved 1048576K
Event: 2510.675 GC heap after
Heap after GC invocations=22 (full 4):
 PSYoungGen      total 219648K, used 0K [0x00000000e0000000, 0x00000000f2100000, 0x0000000100000000)
  eden space 202752K, 0% used [0x00000000e0000000,0x00000000e0000000,0x00000000ec600000)
  from space 16896K, 0% used [0x00000000f1080000,0x00000000f1080000,0x00000000f2100000)
  to   space 27648K, 0% used [0x00000000eeb00000,0x00000000eeb00000,0x00000000f0600000)
 ParOldGen       total 137728K, used 52420K [0x00000000a0000000, 0x00000000a8680000, 0x00000000e0000000)
  object space 137728K, 38% used [0x00000000a0000000,0x00000000a3331380,0x00000000a8680000)
 Metaspace       used 90042K, capacity 93602K, committed 98600K, reserved 1134592K
  class space    used 11527K, capacity 12297K, committed 13440K, reserved 1048576K
}

